0 info it worked if it ends with ok
1 verbose cli [ 'C:\\Program Files\\nodejs\\node.exe',
1 verbose cli   'E:\\GIT\\ZAPP\\FLY\\FIFZ\\node_modules\\npm\\bin\\npm-cli.js',
1 verbose cli   'install',
1 verbose cli   'brwoser',
1 verbose cli   '--production',
1 verbose cli   '--save-exact' ]
2 info using npm@2.15.12
3 info using node@v11.1.0
4 verbose install initial load of E:\GIT\ZAPP\FLY\FIFZ\package.json
5 verbose installManyTop reading scoped package data from E:\GIT\ZAPP\FLY\FIFZ\node_modules\JSONStream\package.json
6 verbose installManyTop reading scoped package data from E:\GIT\ZAPP\FLY\FIFZ\node_modules\abbrev\package.json
7 verbose installManyTop reading scoped package data from E:\GIT\ZAPP\FLY\FIFZ\node_modules\accepts\package.json
8 verbose installManyTop reading scoped package data from E:\GIT\ZAPP\FLY\FIFZ\node_modules\acorn\package.json
9 verbose installManyTop reading scoped package data from E:\GIT\ZAPP\FLY\FIFZ\node_modules\acorn-dynamic-import\package.json
10 verbose installManyTop reading scoped package data from E:\GIT\ZAPP\FLY\FIFZ\node_modules\acorn-node\package.json
11 verbose installManyTop reading scoped package data from E:\GIT\ZAPP\FLY\FIFZ\node_modules\acorn-walk\package.json
12 verbose installManyTop reading scoped package data from E:\GIT\ZAPP\FLY\FIFZ\node_modules\ajv\package.json
13 verbose installManyTop reading scoped package data from E:\GIT\ZAPP\FLY\FIFZ\node_modules\ajv-keywords\package.json
14 verbose installManyTop reading scoped package data from E:\GIT\ZAPP\FLY\FIFZ\node_modules\aliasify\package.json
15 verbose installManyTop reading scoped package data from E:\GIT\ZAPP\FLY\FIFZ\node_modules\align-text\package.json
16 verbose installManyTop reading scoped package data from E:\GIT\ZAPP\FLY\FIFZ\node_modules\amdefine\package.json
17 verbose installManyTop reading scoped package data from E:\GIT\ZAPP\FLY\FIFZ\node_modules\android-versions\package.json
18 verbose installManyTop reading scoped package data from E:\GIT\ZAPP\FLY\FIFZ\node_modules\ansi\package.json
19 verbose installManyTop reading scoped package data from E:\GIT\ZAPP\FLY\FIFZ\node_modules\ansi-escapes\package.json
20 verbose installManyTop reading scoped package data from E:\GIT\ZAPP\FLY\FIFZ\node_modules\ansi-regex\package.json
21 verbose installManyTop reading scoped package data from E:\GIT\ZAPP\FLY\FIFZ\node_modules\ansi-styles\package.json
22 verbose installManyTop reading scoped package data from E:\GIT\ZAPP\FLY\FIFZ\node_modules\anymatch\package.json
23 verbose installManyTop reading scoped package data from E:\GIT\ZAPP\FLY\FIFZ\node_modules\aproba\package.json
24 verbose installManyTop reading scoped package data from E:\GIT\ZAPP\FLY\FIFZ\node_modules\are-we-there-yet\package.json
25 verbose installManyTop reading scoped package data from E:\GIT\ZAPP\FLY\FIFZ\node_modules\argparse\package.json
26 verbose installManyTop reading scoped package data from E:\GIT\ZAPP\FLY\FIFZ\node_modules\arr-diff\package.json
27 verbose installManyTop reading scoped package data from E:\GIT\ZAPP\FLY\FIFZ\node_modules\arr-flatten\package.json
28 verbose installManyTop reading scoped package data from E:\GIT\ZAPP\FLY\FIFZ\node_modules\arr-union\package.json
29 verbose installManyTop reading scoped package data from E:\GIT\ZAPP\FLY\FIFZ\node_modules\array-filter\package.json
30 verbose installManyTop reading scoped package data from E:\GIT\ZAPP\FLY\FIFZ\node_modules\array-find-index\package.json
31 verbose installManyTop reading scoped package data from E:\GIT\ZAPP\FLY\FIFZ\node_modules\array-flatten\package.json
32 verbose installManyTop reading scoped package data from E:\GIT\ZAPP\FLY\FIFZ\node_modules\array-map\package.json
33 verbose installManyTop reading scoped package data from E:\GIT\ZAPP\FLY\FIFZ\node_modules\array-reduce\package.json
34 verbose installManyTop reading scoped package data from E:\GIT\ZAPP\FLY\FIFZ\node_modules\array-union\package.json
35 verbose installManyTop reading scoped package data from E:\GIT\ZAPP\FLY\FIFZ\node_modules\array-uniq\package.json
36 verbose installManyTop reading scoped package data from E:\GIT\ZAPP\FLY\FIFZ\node_modules\array-unique\package.json
37 verbose installManyTop reading scoped package data from E:\GIT\ZAPP\FLY\FIFZ\node_modules\arrify\package.json
38 verbose installManyTop reading scoped package data from E:\GIT\ZAPP\FLY\FIFZ\node_modules\asn1\package.json
39 verbose installManyTop reading scoped package data from E:\GIT\ZAPP\FLY\FIFZ\node_modules\asn1.js\package.json
40 verbose installManyTop reading scoped package data from E:\GIT\ZAPP\FLY\FIFZ\node_modules\assert\package.json
41 verbose installManyTop reading scoped package data from E:\GIT\ZAPP\FLY\FIFZ\node_modules\assert-plus\package.json
42 verbose installManyTop reading scoped package data from E:\GIT\ZAPP\FLY\FIFZ\node_modules\assign-symbols\package.json
43 verbose installManyTop reading scoped package data from E:\GIT\ZAPP\FLY\FIFZ\node_modules\async\package.json
44 verbose installManyTop reading scoped package data from E:\GIT\ZAPP\FLY\FIFZ\node_modules\async-each\package.json
45 verbose installManyTop reading scoped package data from E:\GIT\ZAPP\FLY\FIFZ\node_modules\async-foreach\package.json
46 verbose installManyTop reading scoped package data from E:\GIT\ZAPP\FLY\FIFZ\node_modules\async-limiter\package.json
47 verbose installManyTop reading scoped package data from E:\GIT\ZAPP\FLY\FIFZ\node_modules\asynckit\package.json
48 verbose installManyTop reading scoped package data from E:\GIT\ZAPP\FLY\FIFZ\node_modules\atob\package.json
49 verbose installManyTop reading scoped package data from E:\GIT\ZAPP\FLY\FIFZ\node_modules\autoprefixer\package.json
50 verbose installManyTop reading scoped package data from E:\GIT\ZAPP\FLY\FIFZ\node_modules\aws-sign2\package.json
51 verbose installManyTop reading scoped package data from E:\GIT\ZAPP\FLY\FIFZ\node_modules\aws4\package.json
52 verbose installManyTop reading scoped package data from E:\GIT\ZAPP\FLY\FIFZ\node_modules\babel-code-frame\package.json
53 verbose installManyTop reading scoped package data from E:\GIT\ZAPP\FLY\FIFZ\node_modules\balanced-match\package.json
54 verbose installManyTop reading scoped package data from E:\GIT\ZAPP\FLY\FIFZ\node_modules\base\package.json
55 verbose installManyTop reading scoped package data from E:\GIT\ZAPP\FLY\FIFZ\node_modules\base64-js\package.json
56 verbose installManyTop reading scoped package data from E:\GIT\ZAPP\FLY\FIFZ\node_modules\bcrypt-pbkdf\package.json
57 verbose installManyTop reading scoped package data from E:\GIT\ZAPP\FLY\FIFZ\node_modules\big-integer\package.json
58 verbose installManyTop reading scoped package data from E:\GIT\ZAPP\FLY\FIFZ\node_modules\big.js\package.json
59 verbose installManyTop reading scoped package data from E:\GIT\ZAPP\FLY\FIFZ\node_modules\binary-extensions\package.json
60 verbose installManyTop reading scoped package data from E:\GIT\ZAPP\FLY\FIFZ\node_modules\block-stream\package.json
61 verbose installManyTop reading scoped package data from E:\GIT\ZAPP\FLY\FIFZ\node_modules\bn.js\package.json
62 verbose installManyTop reading scoped package data from E:\GIT\ZAPP\FLY\FIFZ\node_modules\body\package.json
63 verbose installManyTop reading scoped package data from E:\GIT\ZAPP\FLY\FIFZ\node_modules\body-parser\package.json
64 verbose installManyTop reading scoped package data from E:\GIT\ZAPP\FLY\FIFZ\node_modules\boom\package.json
65 verbose installManyTop reading scoped package data from E:\GIT\ZAPP\FLY\FIFZ\node_modules\bplist-creator\package.json
66 verbose installManyTop reading scoped package data from E:\GIT\ZAPP\FLY\FIFZ\node_modules\bplist-parser\package.json
67 verbose installManyTop reading scoped package data from E:\GIT\ZAPP\FLY\FIFZ\node_modules\brace-expansion\package.json
68 verbose installManyTop reading scoped package data from E:\GIT\ZAPP\FLY\FIFZ\node_modules\braces\package.json
69 verbose installManyTop reading scoped package data from E:\GIT\ZAPP\FLY\FIFZ\node_modules\brorand\package.json
70 verbose installManyTop reading scoped package data from E:\GIT\ZAPP\FLY\FIFZ\node_modules\browser-pack\package.json
71 verbose installManyTop reading scoped package data from E:\GIT\ZAPP\FLY\FIFZ\node_modules\browser-resolve\package.json
72 verbose installManyTop reading scoped package data from E:\GIT\ZAPP\FLY\FIFZ\node_modules\browserify\package.json
73 verbose installManyTop reading scoped package data from E:\GIT\ZAPP\FLY\FIFZ\node_modules\browserify-aes\package.json
74 verbose installManyTop reading scoped package data from E:\GIT\ZAPP\FLY\FIFZ\node_modules\browserify-cipher\package.json
75 verbose installManyTop reading scoped package data from E:\GIT\ZAPP\FLY\FIFZ\node_modules\browserify-des\package.json
76 verbose installManyTop reading scoped package data from E:\GIT\ZAPP\FLY\FIFZ\node_modules\browserify-rsa\package.json
77 verbose installManyTop reading scoped package data from E:\GIT\ZAPP\FLY\FIFZ\node_modules\browserify-sign\package.json
78 verbose installManyTop reading scoped package data from E:\GIT\ZAPP\FLY\FIFZ\node_modules\browserify-transform-tools\package.json
79 verbose installManyTop reading scoped package data from E:\GIT\ZAPP\FLY\FIFZ\node_modules\browserify-zlib\package.json
80 verbose installManyTop reading scoped package data from E:\GIT\ZAPP\FLY\FIFZ\node_modules\browserslist\package.json
81 verbose installManyTop reading scoped package data from E:\GIT\ZAPP\FLY\FIFZ\node_modules\buffer\package.json
82 verbose installManyTop reading scoped package data from E:\GIT\ZAPP\FLY\FIFZ\node_modules\buffer-from\package.json
83 verbose installManyTop reading scoped package data from E:\GIT\ZAPP\FLY\FIFZ\node_modules\buffer-xor\package.json
84 verbose installManyTop reading scoped package data from E:\GIT\ZAPP\FLY\FIFZ\node_modules\builtin-modules\package.json
85 verbose installManyTop reading scoped package data from E:\GIT\ZAPP\FLY\FIFZ\node_modules\builtin-status-codes\package.json
86 verbose installManyTop reading scoped package data from E:\GIT\ZAPP\FLY\FIFZ\node_modules\builtins\package.json
87 verbose installManyTop reading scoped package data from E:\GIT\ZAPP\FLY\FIFZ\node_modules\bytes\package.json
88 verbose installManyTop reading scoped package data from E:\GIT\ZAPP\FLY\FIFZ\node_modules\cache-base\package.json
89 verbose installManyTop reading scoped package data from E:\GIT\ZAPP\FLY\FIFZ\node_modules\cached-path-relative\package.json
90 verbose installManyTop reading scoped package data from E:\GIT\ZAPP\FLY\FIFZ\node_modules\camelcase\package.json
91 verbose installManyTop reading scoped package data from E:\GIT\ZAPP\FLY\FIFZ\node_modules\camelcase-keys\package.json
92 verbose installManyTop reading scoped package data from E:\GIT\ZAPP\FLY\FIFZ\node_modules\caniuse-lite\package.json
93 verbose installManyTop reading scoped package data from E:\GIT\ZAPP\FLY\FIFZ\node_modules\caseless\package.json
94 verbose installManyTop reading scoped package data from E:\GIT\ZAPP\FLY\FIFZ\node_modules\center-align\package.json
95 verbose installManyTop reading scoped package data from E:\GIT\ZAPP\FLY\FIFZ\node_modules\chalk\package.json
96 verbose installManyTop reading scoped package data from E:\GIT\ZAPP\FLY\FIFZ\node_modules\chokidar\package.json
97 verbose installManyTop reading scoped package data from E:\GIT\ZAPP\FLY\FIFZ\node_modules\cipher-base\package.json
98 verbose installManyTop reading scoped package data from E:\GIT\ZAPP\FLY\FIFZ\node_modules\class-utils\package.json
99 verbose installManyTop reading scoped package data from E:\GIT\ZAPP\FLY\FIFZ\node_modules\clean-css\package.json
100 verbose installManyTop reading scoped package data from E:\GIT\ZAPP\FLY\FIFZ\node_modules\cli-cursor\package.json
101 verbose installManyTop reading scoped package data from E:\GIT\ZAPP\FLY\FIFZ\node_modules\cli-width\package.json
102 verbose installManyTop reading scoped package data from E:\GIT\ZAPP\FLY\FIFZ\node_modules\cliui\package.json
103 verbose installManyTop reading scoped package data from E:\GIT\ZAPP\FLY\FIFZ\node_modules\co\package.json
104 verbose installManyTop reading scoped package data from E:\GIT\ZAPP\FLY\FIFZ\node_modules\code-point-at\package.json
105 verbose installManyTop reading scoped package data from E:\GIT\ZAPP\FLY\FIFZ\node_modules\collection-visit\package.json
106 verbose installManyTop reading scoped package data from E:\GIT\ZAPP\FLY\FIFZ\node_modules\color-convert\package.json
107 verbose installManyTop reading scoped package data from E:\GIT\ZAPP\FLY\FIFZ\node_modules\color-name\package.json
108 verbose installManyTop reading scoped package data from E:\GIT\ZAPP\FLY\FIFZ\node_modules\colors\package.json
109 verbose installManyTop reading scoped package data from E:\GIT\ZAPP\FLY\FIFZ\node_modules\combine-source-map\package.json
110 verbose installManyTop reading scoped package data from E:\GIT\ZAPP\FLY\FIFZ\node_modules\combined-stream\package.json
111 verbose installManyTop reading scoped package data from E:\GIT\ZAPP\FLY\FIFZ\node_modules\commander\package.json
112 verbose installManyTop reading scoped package data from E:\GIT\ZAPP\FLY\FIFZ\node_modules\component-emitter\package.json
113 verbose installManyTop reading scoped package data from E:\GIT\ZAPP\FLY\FIFZ\node_modules\compressible\package.json
114 verbose installManyTop reading scoped package data from E:\GIT\ZAPP\FLY\FIFZ\node_modules\compression\package.json
115 verbose installManyTop reading scoped package data from E:\GIT\ZAPP\FLY\FIFZ\node_modules\concat-map\package.json
116 verbose installManyTop reading scoped package data from E:\GIT\ZAPP\FLY\FIFZ\node_modules\concat-stream\package.json
117 verbose installManyTop reading scoped package data from E:\GIT\ZAPP\FLY\FIFZ\node_modules\configstore\package.json
118 verbose installManyTop reading scoped package data from E:\GIT\ZAPP\FLY\FIFZ\node_modules\console-browserify\package.json
119 verbose installManyTop reading scoped package data from E:\GIT\ZAPP\FLY\FIFZ\node_modules\console-control-strings\package.json
120 verbose installManyTop reading scoped package data from E:\GIT\ZAPP\FLY\FIFZ\node_modules\constants-browserify\package.json
121 verbose installManyTop reading scoped package data from E:\GIT\ZAPP\FLY\FIFZ\node_modules\content-disposition\package.json
122 verbose installManyTop reading scoped package data from E:\GIT\ZAPP\FLY\FIFZ\node_modules\content-type\package.json
123 verbose installManyTop reading scoped package data from E:\GIT\ZAPP\FLY\FIFZ\node_modules\continuable-cache\package.json
124 verbose installManyTop reading scoped package data from E:\GIT\ZAPP\FLY\FIFZ\node_modules\convert-source-map\package.json
125 verbose installManyTop reading scoped package data from E:\GIT\ZAPP\FLY\FIFZ\node_modules\cookie\package.json
126 verbose installManyTop reading scoped package data from E:\GIT\ZAPP\FLY\FIFZ\node_modules\cookie-signature\package.json
127 verbose installManyTop reading scoped package data from E:\GIT\ZAPP\FLY\FIFZ\node_modules\copy-descriptor\package.json
128 verbose installManyTop reading scoped package data from E:\GIT\ZAPP\FLY\FIFZ\node_modules\cordova\package.json
129 verbose installManyTop reading scoped package data from E:\GIT\ZAPP\FLY\FIFZ\node_modules\cordova-android\package.json
130 verbose installManyTop reading scoped package data from E:\GIT\ZAPP\FLY\FIFZ\node_modules\cordova-android-play-services-gradle-release\package.json
131 verbose installManyTop reading scoped package data from E:\GIT\ZAPP\FLY\FIFZ\node_modules\cordova-app-hello-world\package.json
132 verbose installManyTop reading scoped package data from E:\GIT\ZAPP\FLY\FIFZ\node_modules\cordova-browser\package.json
133 verbose installManyTop reading scoped package data from E:\GIT\ZAPP\FLY\FIFZ\node_modules\cordova-common\package.json
134 verbose installManyTop reading scoped package data from E:\GIT\ZAPP\FLY\FIFZ\node_modules\cordova-create\package.json
135 verbose installManyTop reading scoped package data from E:\GIT\ZAPP\FLY\FIFZ\node_modules\cordova-fetch\package.json
136 verbose installManyTop reading scoped package data from E:\GIT\ZAPP\FLY\FIFZ\node_modules\cordova-js\package.json
137 verbose installManyTop reading scoped package data from E:\GIT\ZAPP\FLY\FIFZ\node_modules\cordova-lib\package.json
138 verbose installManyTop reading scoped package data from E:\GIT\ZAPP\FLY\FIFZ\node_modules\cordova-open-native-settings\package.json
139 verbose installManyTop reading scoped package data from E:\GIT\ZAPP\FLY\FIFZ\node_modules\cordova-plugin-camera\package.json
140 verbose installManyTop reading scoped package data from E:\GIT\ZAPP\FLY\FIFZ\node_modules\cordova-plugin-device\package.json
141 verbose installManyTop reading scoped package data from E:\GIT\ZAPP\FLY\FIFZ\node_modules\cordova-plugin-facebook4\package.json
142 verbose installManyTop reading scoped package data from E:\GIT\ZAPP\FLY\FIFZ\node_modules\cordova-plugin-file\package.json
143 verbose installManyTop reading scoped package data from E:\GIT\ZAPP\FLY\FIFZ\node_modules\cordova-plugin-file-transfer\package.json
144 verbose installManyTop reading scoped package data from E:\GIT\ZAPP\FLY\FIFZ\node_modules\cordova-plugin-filepath\package.json
145 verbose installManyTop reading scoped package data from E:\GIT\ZAPP\FLY\FIFZ\node_modules\cordova-plugin-geolocation\package.json
146 verbose installManyTop reading scoped package data from E:\GIT\ZAPP\FLY\FIFZ\node_modules\cordova-plugin-googlemaps\package.json
147 verbose installManyTop reading scoped package data from E:\GIT\ZAPP\FLY\FIFZ\node_modules\cordova-plugin-ionic-keyboard\package.json
148 verbose installManyTop reading scoped package data from E:\GIT\ZAPP\FLY\FIFZ\node_modules\cordova-plugin-ionic-webview\package.json
149 verbose installManyTop reading scoped package data from E:\GIT\ZAPP\FLY\FIFZ\node_modules\cordova-plugin-mauron85-background-geolocation\package.json
150 verbose installManyTop reading scoped package data from E:\GIT\ZAPP\FLY\FIFZ\node_modules\cordova-plugin-qrscanner\package.json
151 verbose installManyTop reading scoped package data from E:\GIT\ZAPP\FLY\FIFZ\node_modules\cordova-plugin-request-location-accuracy\package.json
152 verbose installManyTop reading scoped package data from E:\GIT\ZAPP\FLY\FIFZ\node_modules\cordova-plugin-splashscreen\package.json
153 verbose installManyTop reading scoped package data from E:\GIT\ZAPP\FLY\FIFZ\node_modules\cordova-plugin-statusbar\package.json
154 verbose installManyTop reading scoped package data from E:\GIT\ZAPP\FLY\FIFZ\node_modules\cordova-plugin-uniquedeviceid\package.json
155 verbose installManyTop reading scoped package data from E:\GIT\ZAPP\FLY\FIFZ\node_modules\cordova-plugin-whitelist\package.json
156 verbose installManyTop reading scoped package data from E:\GIT\ZAPP\FLY\FIFZ\node_modules\cordova-registry-mapper\package.json
157 verbose installManyTop reading scoped package data from E:\GIT\ZAPP\FLY\FIFZ\node_modules\cordova-serve\package.json
158 verbose installManyTop reading scoped package data from E:\GIT\ZAPP\FLY\FIFZ\node_modules\cordova-sqlite-storage\package.json
159 verbose installManyTop reading scoped package data from E:\GIT\ZAPP\FLY\FIFZ\node_modules\cordova-sqlite-storage-dependencies\package.json
160 verbose installManyTop reading scoped package data from E:\GIT\ZAPP\FLY\FIFZ\node_modules\cordova.plugins.diagnostic\package.json
161 verbose installManyTop reading scoped package data from E:\GIT\ZAPP\FLY\FIFZ\node_modules\core-util-is\package.json
162 verbose installManyTop reading scoped package data from E:\GIT\ZAPP\FLY\FIFZ\node_modules\create-ecdh\package.json
163 verbose installManyTop reading scoped package data from E:\GIT\ZAPP\FLY\FIFZ\node_modules\create-hash\package.json
164 verbose installManyTop reading scoped package data from E:\GIT\ZAPP\FLY\FIFZ\node_modules\create-hmac\package.json
165 verbose installManyTop reading scoped package data from E:\GIT\ZAPP\FLY\FIFZ\node_modules\cross-spawn\package.json
166 verbose installManyTop reading scoped package data from E:\GIT\ZAPP\FLY\FIFZ\node_modules\cryptiles\package.json
167 verbose installManyTop reading scoped package data from E:\GIT\ZAPP\FLY\FIFZ\node_modules\crypto-browserify\package.json
168 verbose installManyTop reading scoped package data from E:\GIT\ZAPP\FLY\FIFZ\node_modules\currently-unhandled\package.json
169 verbose installManyTop reading scoped package data from E:\GIT\ZAPP\FLY\FIFZ\node_modules\d\package.json
170 verbose installManyTop reading scoped package data from E:\GIT\ZAPP\FLY\FIFZ\node_modules\dash-ast\package.json
171 verbose installManyTop reading scoped package data from E:\GIT\ZAPP\FLY\FIFZ\node_modules\dashdash\package.json
172 verbose installManyTop reading scoped package data from E:\GIT\ZAPP\FLY\FIFZ\node_modules\date-now\package.json
173 verbose installManyTop reading scoped package data from E:\GIT\ZAPP\FLY\FIFZ\node_modules\debug\package.json
174 verbose installManyTop reading scoped package data from E:\GIT\ZAPP\FLY\FIFZ\node_modules\decamelize\package.json
175 verbose installManyTop reading scoped package data from E:\GIT\ZAPP\FLY\FIFZ\node_modules\decode-uri-component\package.json
176 verbose installManyTop reading scoped package data from E:\GIT\ZAPP\FLY\FIFZ\node_modules\dedent\package.json
177 verbose installManyTop reading scoped package data from E:\GIT\ZAPP\FLY\FIFZ\node_modules\deep-equal\package.json
178 verbose installManyTop reading scoped package data from E:\GIT\ZAPP\FLY\FIFZ\node_modules\deep-extend\package.json
179 verbose installManyTop reading scoped package data from E:\GIT\ZAPP\FLY\FIFZ\node_modules\define-properties\package.json
180 verbose installManyTop reading scoped package data from E:\GIT\ZAPP\FLY\FIFZ\node_modules\define-property\package.json
181 verbose installManyTop reading scoped package data from E:\GIT\ZAPP\FLY\FIFZ\node_modules\defined\package.json
182 verbose installManyTop reading scoped package data from E:\GIT\ZAPP\FLY\FIFZ\node_modules\del\package.json
183 verbose installManyTop reading scoped package data from E:\GIT\ZAPP\FLY\FIFZ\node_modules\delayed-stream\package.json
184 verbose installManyTop reading scoped package data from E:\GIT\ZAPP\FLY\FIFZ\node_modules\delegates\package.json
185 verbose installManyTop reading scoped package data from E:\GIT\ZAPP\FLY\FIFZ\node_modules\dep-graph\package.json
186 verbose installManyTop reading scoped package data from E:\GIT\ZAPP\FLY\FIFZ\node_modules\depd\package.json
187 verbose installManyTop reading scoped package data from E:\GIT\ZAPP\FLY\FIFZ\node_modules\dependency-ls\package.json
188 verbose installManyTop reading scoped package data from E:\GIT\ZAPP\FLY\FIFZ\node_modules\deps-sort\package.json
189 verbose installManyTop reading scoped package data from E:\GIT\ZAPP\FLY\FIFZ\node_modules\des.js\package.json
190 verbose installManyTop reading scoped package data from E:\GIT\ZAPP\FLY\FIFZ\node_modules\destroy\package.json
191 verbose installManyTop reading scoped package data from E:\GIT\ZAPP\FLY\FIFZ\node_modules\detective\package.json
192 verbose installManyTop reading scoped package data from E:\GIT\ZAPP\FLY\FIFZ\node_modules\diff\package.json
193 verbose installManyTop reading scoped package data from E:\GIT\ZAPP\FLY\FIFZ\node_modules\diffie-hellman\package.json
194 verbose installManyTop reading scoped package data from E:\GIT\ZAPP\FLY\FIFZ\node_modules\doctrine\package.json
195 verbose installManyTop reading scoped package data from E:\GIT\ZAPP\FLY\FIFZ\node_modules\domain-browser\package.json
196 verbose installManyTop reading scoped package data from E:\GIT\ZAPP\FLY\FIFZ\node_modules\dot-prop\package.json
197 verbose installManyTop reading scoped package data from E:\GIT\ZAPP\FLY\FIFZ\node_modules\dotenv\package.json
198 verbose installManyTop reading scoped package data from E:\GIT\ZAPP\FLY\FIFZ\node_modules\dotenv-webpack\package.json
199 verbose installManyTop reading scoped package data from E:\GIT\ZAPP\FLY\FIFZ\node_modules\duplexer2\package.json
200 verbose installManyTop reading scoped package data from E:\GIT\ZAPP\FLY\FIFZ\node_modules\duplexify\package.json
201 verbose installManyTop reading scoped package data from E:\GIT\ZAPP\FLY\FIFZ\node_modules\ecc-jsbn\package.json
202 verbose installManyTop reading scoped package data from E:\GIT\ZAPP\FLY\FIFZ\node_modules\editor\package.json
203 verbose installManyTop reading scoped package data from E:\GIT\ZAPP\FLY\FIFZ\node_modules\ee-first\package.json
204 verbose installManyTop reading scoped package data from E:\GIT\ZAPP\FLY\FIFZ\node_modules\electron-to-chromium\package.json
205 verbose installManyTop reading scoped package data from E:\GIT\ZAPP\FLY\FIFZ\node_modules\elementtree\package.json
206 verbose installManyTop reading scoped package data from E:\GIT\ZAPP\FLY\FIFZ\node_modules\elliptic\package.json
207 verbose installManyTop reading scoped package data from E:\GIT\ZAPP\FLY\FIFZ\node_modules\emojis-list\package.json
208 verbose installManyTop reading scoped package data from E:\GIT\ZAPP\FLY\FIFZ\node_modules\encodeurl\package.json
209 verbose installManyTop reading scoped package data from E:\GIT\ZAPP\FLY\FIFZ\node_modules\end-of-stream\package.json
210 verbose installManyTop reading scoped package data from E:\GIT\ZAPP\FLY\FIFZ\node_modules\endent\package.json
211 verbose installManyTop reading scoped package data from E:\GIT\ZAPP\FLY\FIFZ\node_modules\enhanced-resolve\package.json
212 verbose installManyTop reading scoped package data from E:\GIT\ZAPP\FLY\FIFZ\node_modules\errno\package.json
213 verbose installManyTop reading scoped package data from E:\GIT\ZAPP\FLY\FIFZ\node_modules\error\package.json
214 verbose installManyTop reading scoped package data from E:\GIT\ZAPP\FLY\FIFZ\node_modules\error-ex\package.json
215 verbose installManyTop reading scoped package data from E:\GIT\ZAPP\FLY\FIFZ\node_modules\es-abstract\package.json
216 verbose installManyTop reading scoped package data from E:\GIT\ZAPP\FLY\FIFZ\node_modules\es-to-primitive\package.json
217 verbose installManyTop reading scoped package data from E:\GIT\ZAPP\FLY\FIFZ\node_modules\es5-ext\package.json
218 verbose installManyTop reading scoped package data from E:\GIT\ZAPP\FLY\FIFZ\node_modules\es6-iterator\package.json
219 verbose installManyTop reading scoped package data from E:\GIT\ZAPP\FLY\FIFZ\node_modules\es6-map\package.json
220 verbose installManyTop reading scoped package data from E:\GIT\ZAPP\FLY\FIFZ\node_modules\es6-set\package.json
221 verbose installManyTop reading scoped package data from E:\GIT\ZAPP\FLY\FIFZ\node_modules\es6-symbol\package.json
222 verbose installManyTop reading scoped package data from E:\GIT\ZAPP\FLY\FIFZ\node_modules\es6-weak-map\package.json
223 verbose installManyTop reading scoped package data from E:\GIT\ZAPP\FLY\FIFZ\node_modules\escape-html\package.json
224 verbose installManyTop reading scoped package data from E:\GIT\ZAPP\FLY\FIFZ\node_modules\escape-string-regexp\package.json
225 verbose installManyTop reading scoped package data from E:\GIT\ZAPP\FLY\FIFZ\node_modules\escope\package.json
226 verbose installManyTop reading scoped package data from E:\GIT\ZAPP\FLY\FIFZ\node_modules\esprima\package.json
227 verbose installManyTop reading scoped package data from E:\GIT\ZAPP\FLY\FIFZ\node_modules\esrecurse\package.json
228 verbose installManyTop reading scoped package data from E:\GIT\ZAPP\FLY\FIFZ\node_modules\estraverse\package.json
229 verbose installManyTop reading scoped package data from E:\GIT\ZAPP\FLY\FIFZ\node_modules\estree-walker\package.json
230 verbose installManyTop reading scoped package data from E:\GIT\ZAPP\FLY\FIFZ\node_modules\esutils\package.json
231 verbose installManyTop reading scoped package data from E:\GIT\ZAPP\FLY\FIFZ\node_modules\etag\package.json
232 verbose installManyTop reading scoped package data from E:\GIT\ZAPP\FLY\FIFZ\node_modules\event-emitter\package.json
233 verbose installManyTop reading scoped package data from E:\GIT\ZAPP\FLY\FIFZ\node_modules\events\package.json
234 verbose installManyTop reading scoped package data from E:\GIT\ZAPP\FLY\FIFZ\node_modules\evp_bytestokey\package.json
235 verbose installManyTop reading scoped package data from E:\GIT\ZAPP\FLY\FIFZ\node_modules\execa\package.json
236 verbose installManyTop reading scoped package data from E:\GIT\ZAPP\FLY\FIFZ\node_modules\exit-hook\package.json
237 verbose installManyTop reading scoped package data from E:\GIT\ZAPP\FLY\FIFZ\node_modules\expand-brackets\package.json
238 verbose installManyTop reading scoped package data from E:\GIT\ZAPP\FLY\FIFZ\node_modules\expand-range\package.json
239 verbose installManyTop reading scoped package data from E:\GIT\ZAPP\FLY\FIFZ\node_modules\express\package.json
240 verbose installManyTop reading scoped package data from E:\GIT\ZAPP\FLY\FIFZ\node_modules\extend\package.json
241 verbose installManyTop reading scoped package data from E:\GIT\ZAPP\FLY\FIFZ\node_modules\extend-shallow\package.json
242 verbose installManyTop reading scoped package data from E:\GIT\ZAPP\FLY\FIFZ\node_modules\extglob\package.json
243 verbose installManyTop reading scoped package data from E:\GIT\ZAPP\FLY\FIFZ\node_modules\extsprintf\package.json
244 verbose installManyTop reading scoped package data from E:\GIT\ZAPP\FLY\FIFZ\node_modules\falafel\package.json
245 verbose installManyTop reading scoped package data from E:\GIT\ZAPP\FLY\FIFZ\node_modules\fast-deep-equal\package.json
246 verbose installManyTop reading scoped package data from E:\GIT\ZAPP\FLY\FIFZ\node_modules\fast-json-parse\package.json
247 verbose installManyTop reading scoped package data from E:\GIT\ZAPP\FLY\FIFZ\node_modules\fast-json-stable-stringify\package.json
248 verbose installManyTop reading scoped package data from E:\GIT\ZAPP\FLY\FIFZ\node_modules\faye-websocket\package.json
249 verbose installManyTop reading scoped package data from E:\GIT\ZAPP\FLY\FIFZ\node_modules\figures\package.json
250 verbose installManyTop reading scoped package data from E:\GIT\ZAPP\FLY\FIFZ\node_modules\filename-regex\package.json
251 verbose installManyTop reading scoped package data from E:\GIT\ZAPP\FLY\FIFZ\node_modules\fill-range\package.json
252 verbose installManyTop reading scoped package data from E:\GIT\ZAPP\FLY\FIFZ\node_modules\finalhandler\package.json
253 verbose installManyTop reading scoped package data from E:\GIT\ZAPP\FLY\FIFZ\node_modules\find-up\package.json
254 verbose installManyTop reading scoped package data from E:\GIT\ZAPP\FLY\FIFZ\node_modules\for-each\package.json
255 verbose installManyTop reading scoped package data from E:\GIT\ZAPP\FLY\FIFZ\node_modules\for-in\package.json
256 verbose installManyTop reading scoped package data from E:\GIT\ZAPP\FLY\FIFZ\node_modules\for-own\package.json
257 verbose installManyTop reading scoped package data from E:\GIT\ZAPP\FLY\FIFZ\node_modules\foreach\package.json
258 verbose installManyTop reading scoped package data from E:\GIT\ZAPP\FLY\FIFZ\node_modules\forever-agent\package.json
259 verbose installManyTop reading scoped package data from E:\GIT\ZAPP\FLY\FIFZ\node_modules\form-data\package.json
260 verbose installManyTop reading scoped package data from E:\GIT\ZAPP\FLY\FIFZ\node_modules\forwarded\package.json
261 verbose installManyTop reading scoped package data from E:\GIT\ZAPP\FLY\FIFZ\node_modules\fragment-cache\package.json
262 verbose installManyTop reading scoped package data from E:\GIT\ZAPP\FLY\FIFZ\node_modules\fresh\package.json
263 verbose installManyTop reading scoped package data from E:\GIT\ZAPP\FLY\FIFZ\node_modules\fs-extra\package.json
264 verbose installManyTop reading scoped package data from E:\GIT\ZAPP\FLY\FIFZ\node_modules\fs.realpath\package.json
265 verbose installManyTop reading scoped package data from E:\GIT\ZAPP\FLY\FIFZ\node_modules\fsevents\package.json
266 verbose installManyTop reading scoped package data from E:\GIT\ZAPP\FLY\FIFZ\node_modules\fstream\package.json
267 verbose installManyTop reading scoped package data from E:\GIT\ZAPP\FLY\FIFZ\node_modules\function-bind\package.json
268 verbose installManyTop reading scoped package data from E:\GIT\ZAPP\FLY\FIFZ\node_modules\gauge\package.json
269 verbose installManyTop reading scoped package data from E:\GIT\ZAPP\FLY\FIFZ\node_modules\gaze\package.json
270 verbose installManyTop reading scoped package data from E:\GIT\ZAPP\FLY\FIFZ\node_modules\generate-function\package.json
271 verbose installManyTop reading scoped package data from E:\GIT\ZAPP\FLY\FIFZ\node_modules\generate-object-property\package.json
272 verbose installManyTop reading scoped package data from E:\GIT\ZAPP\FLY\FIFZ\node_modules\get-assigned-identifiers\package.json
273 verbose installManyTop reading scoped package data from E:\GIT\ZAPP\FLY\FIFZ\node_modules\get-caller-file\package.json
274 verbose installManyTop reading scoped package data from E:\GIT\ZAPP\FLY\FIFZ\node_modules\get-stdin\package.json
275 verbose installManyTop reading scoped package data from E:\GIT\ZAPP\FLY\FIFZ\node_modules\get-stream\package.json
276 verbose installManyTop reading scoped package data from E:\GIT\ZAPP\FLY\FIFZ\node_modules\get-value\package.json
277 verbose installManyTop reading scoped package data from E:\GIT\ZAPP\FLY\FIFZ\node_modules\getpass\package.json
278 verbose installManyTop reading scoped package data from E:\GIT\ZAPP\FLY\FIFZ\node_modules\glob\package.json
279 verbose installManyTop reading scoped package data from E:\GIT\ZAPP\FLY\FIFZ\node_modules\glob-base\package.json
280 verbose installManyTop reading scoped package data from E:\GIT\ZAPP\FLY\FIFZ\node_modules\glob-parent\package.json
281 verbose installManyTop reading scoped package data from E:\GIT\ZAPP\FLY\FIFZ\node_modules\globby\package.json
282 verbose installManyTop reading scoped package data from E:\GIT\ZAPP\FLY\FIFZ\node_modules\globule\package.json
283 verbose installManyTop reading scoped package data from E:\GIT\ZAPP\FLY\FIFZ\node_modules\got\package.json
284 verbose installManyTop reading scoped package data from E:\GIT\ZAPP\FLY\FIFZ\node_modules\graceful-fs\package.json
285 verbose installManyTop reading scoped package data from E:\GIT\ZAPP\FLY\FIFZ\node_modules\har-schema\package.json
286 verbose installManyTop reading scoped package data from E:\GIT\ZAPP\FLY\FIFZ\node_modules\har-validator\package.json
287 verbose installManyTop reading scoped package data from E:\GIT\ZAPP\FLY\FIFZ\node_modules\has\package.json
288 verbose installManyTop reading scoped package data from E:\GIT\ZAPP\FLY\FIFZ\node_modules\has-ansi\package.json
289 verbose installManyTop reading scoped package data from E:\GIT\ZAPP\FLY\FIFZ\node_modules\has-flag\package.json
290 verbose installManyTop reading scoped package data from E:\GIT\ZAPP\FLY\FIFZ\node_modules\has-symbols\package.json
291 verbose installManyTop reading scoped package data from E:\GIT\ZAPP\FLY\FIFZ\node_modules\has-unicode\package.json
292 verbose installManyTop reading scoped package data from E:\GIT\ZAPP\FLY\FIFZ\node_modules\has-value\package.json
293 verbose installManyTop reading scoped package data from E:\GIT\ZAPP\FLY\FIFZ\node_modules\has-values\package.json
294 verbose installManyTop reading scoped package data from E:\GIT\ZAPP\FLY\FIFZ\node_modules\hash-base\package.json
295 verbose installManyTop reading scoped package data from E:\GIT\ZAPP\FLY\FIFZ\node_modules\hash.js\package.json
296 verbose installManyTop reading scoped package data from E:\GIT\ZAPP\FLY\FIFZ\node_modules\hawk\package.json
297 verbose installManyTop reading scoped package data from E:\GIT\ZAPP\FLY\FIFZ\node_modules\hmac-drbg\package.json
298 verbose installManyTop reading scoped package data from E:\GIT\ZAPP\FLY\FIFZ\node_modules\hoek\package.json
299 verbose installManyTop reading scoped package data from E:\GIT\ZAPP\FLY\FIFZ\node_modules\hosted-git-info\package.json
300 verbose installManyTop reading scoped package data from E:\GIT\ZAPP\FLY\FIFZ\node_modules\htmlescape\package.json
301 verbose installManyTop reading scoped package data from E:\GIT\ZAPP\FLY\FIFZ\node_modules\http-errors\package.json
302 verbose installManyTop reading scoped package data from E:\GIT\ZAPP\FLY\FIFZ\node_modules\http-parser-js\package.json
303 verbose installManyTop reading scoped package data from E:\GIT\ZAPP\FLY\FIFZ\node_modules\http-signature\package.json
304 verbose installManyTop reading scoped package data from E:\GIT\ZAPP\FLY\FIFZ\node_modules\https-browserify\package.json
305 verbose installManyTop reading scoped package data from E:\GIT\ZAPP\FLY\FIFZ\node_modules\iconv-lite\package.json
306 verbose installManyTop reading scoped package data from E:\GIT\ZAPP\FLY\FIFZ\node_modules\ieee754\package.json
307 verbose installManyTop reading scoped package data from E:\GIT\ZAPP\FLY\FIFZ\node_modules\immediate\package.json
308 verbose installManyTop reading scoped package data from E:\GIT\ZAPP\FLY\FIFZ\node_modules\imurmurhash\package.json
309 verbose installManyTop reading scoped package data from E:\GIT\ZAPP\FLY\FIFZ\node_modules\in-publish\package.json
310 verbose installManyTop reading scoped package data from E:\GIT\ZAPP\FLY\FIFZ\node_modules\indent-string\package.json
311 verbose installManyTop reading scoped package data from E:\GIT\ZAPP\FLY\FIFZ\node_modules\indexof\package.json
312 verbose installManyTop reading scoped package data from E:\GIT\ZAPP\FLY\FIFZ\node_modules\infinity-agent\package.json
313 verbose installManyTop reading scoped package data from E:\GIT\ZAPP\FLY\FIFZ\node_modules\inflight\package.json
314 verbose installManyTop reading scoped package data from E:\GIT\ZAPP\FLY\FIFZ\node_modules\inherits\package.json
315 verbose installManyTop reading scoped package data from E:\GIT\ZAPP\FLY\FIFZ\node_modules\ini\package.json
316 verbose installManyTop reading scoped package data from E:\GIT\ZAPP\FLY\FIFZ\node_modules\init-package-json\package.json
317 verbose installManyTop reading scoped package data from E:\GIT\ZAPP\FLY\FIFZ\node_modules\inline-source-map\package.json
318 verbose installManyTop reading scoped package data from E:\GIT\ZAPP\FLY\FIFZ\node_modules\inquirer\package.json
319 verbose installManyTop reading scoped package data from E:\GIT\ZAPP\FLY\FIFZ\node_modules\insert-module-globals\package.json
320 verbose installManyTop reading scoped package data from E:\GIT\ZAPP\FLY\FIFZ\node_modules\insight\package.json
321 verbose installManyTop reading scoped package data from E:\GIT\ZAPP\FLY\FIFZ\node_modules\interpret\package.json
322 verbose installManyTop reading scoped package data from E:\GIT\ZAPP\FLY\FIFZ\node_modules\invert-kv\package.json
323 verbose installManyTop reading scoped package data from E:\GIT\ZAPP\FLY\FIFZ\node_modules\ionic-angular\package.json
324 verbose installManyTop reading scoped package data from E:\GIT\ZAPP\FLY\FIFZ\node_modules\ionic3-star-rating\package.json
325 verbose installManyTop reading scoped package data from E:\GIT\ZAPP\FLY\FIFZ\node_modules\ionicons\package.json
326 verbose installManyTop reading scoped package data from E:\GIT\ZAPP\FLY\FIFZ\node_modules\ipaddr.js\package.json
327 verbose installManyTop reading scoped package data from E:\GIT\ZAPP\FLY\FIFZ\node_modules\is-accessor-descriptor\package.json
328 verbose installManyTop reading scoped package data from E:\GIT\ZAPP\FLY\FIFZ\node_modules\is-arrayish\package.json
329 verbose installManyTop reading scoped package data from E:\GIT\ZAPP\FLY\FIFZ\node_modules\is-binary-path\package.json
330 verbose installManyTop reading scoped package data from E:\GIT\ZAPP\FLY\FIFZ\node_modules\is-buffer\package.json
331 verbose installManyTop reading scoped package data from E:\GIT\ZAPP\FLY\FIFZ\node_modules\is-builtin-module\package.json
332 verbose installManyTop reading scoped package data from E:\GIT\ZAPP\FLY\FIFZ\node_modules\is-callable\package.json
333 verbose installManyTop reading scoped package data from E:\GIT\ZAPP\FLY\FIFZ\node_modules\is-data-descriptor\package.json
334 verbose installManyTop reading scoped package data from E:\GIT\ZAPP\FLY\FIFZ\node_modules\is-date-object\package.json
335 verbose installManyTop reading scoped package data from E:\GIT\ZAPP\FLY\FIFZ\node_modules\is-descriptor\package.json
336 verbose installManyTop reading scoped package data from E:\GIT\ZAPP\FLY\FIFZ\node_modules\is-dotfile\package.json
337 verbose installManyTop reading scoped package data from E:\GIT\ZAPP\FLY\FIFZ\node_modules\is-equal-shallow\package.json
338 verbose installManyTop reading scoped package data from E:\GIT\ZAPP\FLY\FIFZ\node_modules\is-extendable\package.json
339 verbose installManyTop reading scoped package data from E:\GIT\ZAPP\FLY\FIFZ\node_modules\is-extglob\package.json
340 verbose installManyTop reading scoped package data from E:\GIT\ZAPP\FLY\FIFZ\node_modules\is-finite\package.json
341 verbose installManyTop reading scoped package data from E:\GIT\ZAPP\FLY\FIFZ\node_modules\is-fullwidth-code-point\package.json
342 verbose installManyTop reading scoped package data from E:\GIT\ZAPP\FLY\FIFZ\node_modules\is-git-url\package.json
343 verbose installManyTop reading scoped package data from E:\GIT\ZAPP\FLY\FIFZ\node_modules\is-glob\package.json
344 verbose installManyTop reading scoped package data from E:\GIT\ZAPP\FLY\FIFZ\node_modules\is-module\package.json
345 verbose installManyTop reading scoped package data from E:\GIT\ZAPP\FLY\FIFZ\node_modules\is-my-ip-valid\package.json
346 verbose installManyTop reading scoped package data from E:\GIT\ZAPP\FLY\FIFZ\node_modules\is-my-json-valid\package.json
347 verbose installManyTop reading scoped package data from E:\GIT\ZAPP\FLY\FIFZ\node_modules\is-npm\package.json
348 verbose installManyTop reading scoped package data from E:\GIT\ZAPP\FLY\FIFZ\node_modules\is-number\package.json
349 verbose installManyTop reading scoped package data from E:\GIT\ZAPP\FLY\FIFZ\node_modules\is-obj\package.json
350 verbose installManyTop reading scoped package data from E:\GIT\ZAPP\FLY\FIFZ\node_modules\is-path-cwd\package.json
351 verbose installManyTop reading scoped package data from E:\GIT\ZAPP\FLY\FIFZ\node_modules\is-path-in-cwd\package.json
352 verbose installManyTop reading scoped package data from E:\GIT\ZAPP\FLY\FIFZ\node_modules\is-path-inside\package.json
353 verbose installManyTop reading scoped package data from E:\GIT\ZAPP\FLY\FIFZ\node_modules\is-plain-object\package.json
354 verbose installManyTop reading scoped package data from E:\GIT\ZAPP\FLY\FIFZ\node_modules\is-posix-bracket\package.json
355 verbose installManyTop reading scoped package data from E:\GIT\ZAPP\FLY\FIFZ\node_modules\is-primitive\package.json
356 verbose installManyTop reading scoped package data from E:\GIT\ZAPP\FLY\FIFZ\node_modules\is-property\package.json
357 verbose installManyTop reading scoped package data from E:\GIT\ZAPP\FLY\FIFZ\node_modules\is-redirect\package.json
358 verbose installManyTop reading scoped package data from E:\GIT\ZAPP\FLY\FIFZ\node_modules\is-regex\package.json
359 verbose installManyTop reading scoped package data from E:\GIT\ZAPP\FLY\FIFZ\node_modules\is-stream\package.json
360 verbose installManyTop reading scoped package data from E:\GIT\ZAPP\FLY\FIFZ\node_modules\is-symbol\package.json
361 verbose installManyTop reading scoped package data from E:\GIT\ZAPP\FLY\FIFZ\node_modules\is-typedarray\package.json
362 verbose installManyTop reading scoped package data from E:\GIT\ZAPP\FLY\FIFZ\node_modules\is-url\package.json
363 verbose installManyTop reading scoped package data from E:\GIT\ZAPP\FLY\FIFZ\node_modules\is-utf8\package.json
364 verbose installManyTop reading scoped package data from E:\GIT\ZAPP\FLY\FIFZ\node_modules\is-windows\package.json
365 verbose installManyTop reading scoped package data from E:\GIT\ZAPP\FLY\FIFZ\node_modules\is-wsl\package.json
366 verbose installManyTop reading scoped package data from E:\GIT\ZAPP\FLY\FIFZ\node_modules\isarray\package.json
367 verbose installManyTop reading scoped package data from E:\GIT\ZAPP\FLY\FIFZ\node_modules\isexe\package.json
368 verbose installManyTop reading scoped package data from E:\GIT\ZAPP\FLY\FIFZ\node_modules\isobject\package.json
369 verbose installManyTop reading scoped package data from E:\GIT\ZAPP\FLY\FIFZ\node_modules\isstream\package.json
370 verbose installManyTop reading scoped package data from E:\GIT\ZAPP\FLY\FIFZ\node_modules\js-base64\package.json
371 verbose installManyTop reading scoped package data from E:\GIT\ZAPP\FLY\FIFZ\node_modules\js-tokens\package.json
372 verbose installManyTop reading scoped package data from E:\GIT\ZAPP\FLY\FIFZ\node_modules\js-yaml\package.json
373 verbose installManyTop reading scoped package data from E:\GIT\ZAPP\FLY\FIFZ\node_modules\jsbn\package.json
374 verbose installManyTop reading scoped package data from E:\GIT\ZAPP\FLY\FIFZ\node_modules\json-loader\package.json
375 verbose installManyTop reading scoped package data from E:\GIT\ZAPP\FLY\FIFZ\node_modules\json-parse-better-errors\package.json
376 verbose installManyTop reading scoped package data from E:\GIT\ZAPP\FLY\FIFZ\node_modules\json-schema\package.json
377 verbose installManyTop reading scoped package data from E:\GIT\ZAPP\FLY\FIFZ\node_modules\json-schema-traverse\package.json
378 verbose installManyTop reading scoped package data from E:\GIT\ZAPP\FLY\FIFZ\node_modules\json-stable-stringify\package.json
379 verbose installManyTop reading scoped package data from E:\GIT\ZAPP\FLY\FIFZ\node_modules\json-stringify-safe\package.json
380 verbose installManyTop reading scoped package data from E:\GIT\ZAPP\FLY\FIFZ\node_modules\json5\package.json
381 verbose installManyTop reading scoped package data from E:\GIT\ZAPP\FLY\FIFZ\node_modules\jsonfile\package.json
382 verbose installManyTop reading scoped package data from E:\GIT\ZAPP\FLY\FIFZ\node_modules\jsonify\package.json
383 verbose installManyTop reading scoped package data from E:\GIT\ZAPP\FLY\FIFZ\node_modules\jsonparse\package.json
384 verbose installManyTop reading scoped package data from E:\GIT\ZAPP\FLY\FIFZ\node_modules\jsonpointer\package.json
385 verbose installManyTop reading scoped package data from E:\GIT\ZAPP\FLY\FIFZ\node_modules\jsprim\package.json
386 verbose installManyTop reading scoped package data from E:\GIT\ZAPP\FLY\FIFZ\node_modules\kind-of\package.json
387 verbose installManyTop reading scoped package data from E:\GIT\ZAPP\FLY\FIFZ\node_modules\labeled-stream-splicer\package.json
388 verbose installManyTop reading scoped package data from E:\GIT\ZAPP\FLY\FIFZ\node_modules\latest-version\package.json
389 verbose installManyTop reading scoped package data from E:\GIT\ZAPP\FLY\FIFZ\node_modules\lazy-cache\package.json
390 verbose installManyTop reading scoped package data from E:\GIT\ZAPP\FLY\FIFZ\node_modules\lcid\package.json
391 verbose installManyTop reading scoped package data from E:\GIT\ZAPP\FLY\FIFZ\node_modules\lie\package.json
392 verbose installManyTop reading scoped package data from E:\GIT\ZAPP\FLY\FIFZ\node_modules\livereload-js\package.json
393 verbose installManyTop reading scoped package data from E:\GIT\ZAPP\FLY\FIFZ\node_modules\load-json-file\package.json
394 verbose installManyTop reading scoped package data from E:\GIT\ZAPP\FLY\FIFZ\node_modules\loader-runner\package.json
395 verbose installManyTop reading scoped package data from E:\GIT\ZAPP\FLY\FIFZ\node_modules\loader-utils\package.json
396 verbose installManyTop reading scoped package data from E:\GIT\ZAPP\FLY\FIFZ\node_modules\localforage\package.json
397 verbose installManyTop reading scoped package data from E:\GIT\ZAPP\FLY\FIFZ\node_modules\localforage-cordovasqlitedriver\package.json
398 verbose installManyTop reading scoped package data from E:\GIT\ZAPP\FLY\FIFZ\node_modules\locate-path\package.json
399 verbose installManyTop reading scoped package data from E:\GIT\ZAPP\FLY\FIFZ\node_modules\lodash\package.json
400 verbose installManyTop reading scoped package data from E:\GIT\ZAPP\FLY\FIFZ\node_modules\lodash._getnative\package.json
401 verbose installManyTop reading scoped package data from E:\GIT\ZAPP\FLY\FIFZ\node_modules\lodash.assign\package.json
402 verbose installManyTop reading scoped package data from E:\GIT\ZAPP\FLY\FIFZ\node_modules\lodash.clonedeep\package.json
403 verbose installManyTop reading scoped package data from E:\GIT\ZAPP\FLY\FIFZ\node_modules\lodash.debounce\package.json
404 verbose installManyTop reading scoped package data from E:\GIT\ZAPP\FLY\FIFZ\node_modules\lodash.memoize\package.json
405 verbose installManyTop reading scoped package data from E:\GIT\ZAPP\FLY\FIFZ\node_modules\lodash.mergewith\package.json
406 verbose installManyTop reading scoped package data from E:\GIT\ZAPP\FLY\FIFZ\node_modules\longest\package.json
407 verbose installManyTop reading scoped package data from E:\GIT\ZAPP\FLY\FIFZ\node_modules\loud-rejection\package.json
408 verbose installManyTop reading scoped package data from E:\GIT\ZAPP\FLY\FIFZ\node_modules\lowercase-keys\package.json
409 verbose installManyTop reading scoped package data from E:\GIT\ZAPP\FLY\FIFZ\node_modules\lru-cache\package.json
410 verbose installManyTop reading scoped package data from E:\GIT\ZAPP\FLY\FIFZ\node_modules\macos-release\package.json
411 verbose installManyTop reading scoped package data from E:\GIT\ZAPP\FLY\FIFZ\node_modules\magic-string\package.json
412 verbose installManyTop reading scoped package data from E:\GIT\ZAPP\FLY\FIFZ\node_modules\map-cache\package.json
413 verbose installManyTop reading scoped package data from E:\GIT\ZAPP\FLY\FIFZ\node_modules\map-obj\package.json
414 verbose installManyTop reading scoped package data from E:\GIT\ZAPP\FLY\FIFZ\node_modules\map-visit\package.json
415 verbose installManyTop reading scoped package data from E:\GIT\ZAPP\FLY\FIFZ\node_modules\math-random\package.json
416 verbose installManyTop reading scoped package data from E:\GIT\ZAPP\FLY\FIFZ\node_modules\md5.js\package.json
417 verbose installManyTop reading scoped package data from E:\GIT\ZAPP\FLY\FIFZ\node_modules\media-typer\package.json
418 verbose installManyTop reading scoped package data from E:\GIT\ZAPP\FLY\FIFZ\node_modules\mem\package.json
419 verbose installManyTop reading scoped package data from E:\GIT\ZAPP\FLY\FIFZ\node_modules\memory-fs\package.json
420 verbose installManyTop reading scoped package data from E:\GIT\ZAPP\FLY\FIFZ\node_modules\meow\package.json
421 verbose installManyTop reading scoped package data from E:\GIT\ZAPP\FLY\FIFZ\node_modules\merge-descriptors\package.json
422 verbose installManyTop reading scoped package data from E:\GIT\ZAPP\FLY\FIFZ\node_modules\methods\package.json
423 verbose installManyTop reading scoped package data from E:\GIT\ZAPP\FLY\FIFZ\node_modules\micromatch\package.json
424 verbose installManyTop reading scoped package data from E:\GIT\ZAPP\FLY\FIFZ\node_modules\miller-rabin\package.json
425 verbose installManyTop reading scoped package data from E:\GIT\ZAPP\FLY\FIFZ\node_modules\mime\package.json
426 verbose installManyTop reading scoped package data from E:\GIT\ZAPP\FLY\FIFZ\node_modules\mime-db\package.json
427 verbose installManyTop reading scoped package data from E:\GIT\ZAPP\FLY\FIFZ\node_modules\mime-types\package.json
428 verbose installManyTop reading scoped package data from E:\GIT\ZAPP\FLY\FIFZ\node_modules\mimic-fn\package.json
429 verbose installManyTop reading scoped package data from E:\GIT\ZAPP\FLY\FIFZ\node_modules\minimalistic-assert\package.json
430 verbose installManyTop reading scoped package data from E:\GIT\ZAPP\FLY\FIFZ\node_modules\minimalistic-crypto-utils\package.json
431 verbose installManyTop reading scoped package data from E:\GIT\ZAPP\FLY\FIFZ\node_modules\minimatch\package.json
432 verbose installManyTop reading scoped package data from E:\GIT\ZAPP\FLY\FIFZ\node_modules\minimist\package.json
433 verbose installManyTop reading scoped package data from E:\GIT\ZAPP\FLY\FIFZ\node_modules\mixin-deep\package.json
434 verbose installManyTop reading scoped package data from E:\GIT\ZAPP\FLY\FIFZ\node_modules\mkdirp\package.json
435 verbose installManyTop reading scoped package data from E:\GIT\ZAPP\FLY\FIFZ\node_modules\module-deps\package.json
436 verbose installManyTop reading scoped package data from E:\GIT\ZAPP\FLY\FIFZ\node_modules\ms\package.json
437 verbose installManyTop reading scoped package data from E:\GIT\ZAPP\FLY\FIFZ\node_modules\mute-stream\package.json
438 verbose installManyTop reading scoped package data from E:\GIT\ZAPP\FLY\FIFZ\node_modules\nan\package.json
439 verbose installManyTop reading scoped package data from E:\GIT\ZAPP\FLY\FIFZ\node_modules\nanomatch\package.json
440 verbose installManyTop reading scoped package data from E:\GIT\ZAPP\FLY\FIFZ\node_modules\negotiator\package.json
441 verbose installManyTop reading scoped package data from E:\GIT\ZAPP\FLY\FIFZ\node_modules\neo-async\package.json
442 verbose installManyTop reading scoped package data from E:\GIT\ZAPP\FLY\FIFZ\node_modules\nested-error-stacks\package.json
443 verbose installManyTop reading scoped package data from E:\GIT\ZAPP\FLY\FIFZ\node_modules\next-tick\package.json
444 verbose installManyTop reading scoped package data from E:\GIT\ZAPP\FLY\FIFZ\node_modules\nice-try\package.json
445 verbose installManyTop reading scoped package data from E:\GIT\ZAPP\FLY\FIFZ\node_modules\node-gyp\package.json
446 verbose installManyTop reading scoped package data from E:\GIT\ZAPP\FLY\FIFZ\node_modules\node-libs-browser\package.json
447 verbose installManyTop reading scoped package data from E:\GIT\ZAPP\FLY\FIFZ\node_modules\node-sass\package.json
448 verbose installManyTop reading scoped package data from E:\GIT\ZAPP\FLY\FIFZ\node_modules\nopt\package.json
449 verbose installManyTop reading scoped package data from E:\GIT\ZAPP\FLY\FIFZ\node_modules\normalize-package-data\package.json
450 verbose installManyTop reading scoped package data from E:\GIT\ZAPP\FLY\FIFZ\node_modules\normalize-path\package.json
451 verbose installManyTop reading scoped package data from E:\GIT\ZAPP\FLY\FIFZ\node_modules\normalize-range\package.json
452 verbose installManyTop reading scoped package data from E:\GIT\ZAPP\FLY\FIFZ\node_modules\npm\package.json
453 verbose installManyTop reading scoped package data from E:\GIT\ZAPP\FLY\FIFZ\node_modules\npm-package-arg\package.json
454 verbose installManyTop reading scoped package data from E:\GIT\ZAPP\FLY\FIFZ\node_modules\npm-run-path\package.json
455 verbose installManyTop reading scoped package data from E:\GIT\ZAPP\FLY\FIFZ\node_modules\npmlog\package.json
456 verbose installManyTop reading scoped package data from E:\GIT\ZAPP\FLY\FIFZ\node_modules\num2fraction\package.json
457 verbose installManyTop reading scoped package data from E:\GIT\ZAPP\FLY\FIFZ\node_modules\number-is-nan\package.json
458 verbose installManyTop reading scoped package data from E:\GIT\ZAPP\FLY\FIFZ\node_modules\oauth-sign\package.json
459 verbose installManyTop reading scoped package data from E:\GIT\ZAPP\FLY\FIFZ\node_modules\object-assign\package.json
460 verbose installManyTop reading scoped package data from E:\GIT\ZAPP\FLY\FIFZ\node_modules\object-copy\package.json
461 verbose installManyTop reading scoped package data from E:\GIT\ZAPP\FLY\FIFZ\node_modules\object-inspect\package.json
462 verbose installManyTop reading scoped package data from E:\GIT\ZAPP\FLY\FIFZ\node_modules\object-keys\package.json
463 verbose installManyTop reading scoped package data from E:\GIT\ZAPP\FLY\FIFZ\node_modules\object-visit\package.json
464 verbose installManyTop reading scoped package data from E:\GIT\ZAPP\FLY\FIFZ\node_modules\object.omit\package.json
465 verbose installManyTop reading scoped package data from E:\GIT\ZAPP\FLY\FIFZ\node_modules\object.pick\package.json
466 verbose installManyTop reading scoped package data from E:\GIT\ZAPP\FLY\FIFZ\node_modules\objectorarray\package.json
467 verbose installManyTop reading scoped package data from E:\GIT\ZAPP\FLY\FIFZ\node_modules\on-finished\package.json
468 verbose installManyTop reading scoped package data from E:\GIT\ZAPP\FLY\FIFZ\node_modules\on-headers\package.json
469 verbose installManyTop reading scoped package data from E:\GIT\ZAPP\FLY\FIFZ\node_modules\once\package.json
470 verbose installManyTop reading scoped package data from E:\GIT\ZAPP\FLY\FIFZ\node_modules\onetime\package.json
471 verbose installManyTop reading scoped package data from E:\GIT\ZAPP\FLY\FIFZ\node_modules\opener\package.json
472 verbose installManyTop reading scoped package data from E:\GIT\ZAPP\FLY\FIFZ\node_modules\opn\package.json
473 verbose installManyTop reading scoped package data from E:\GIT\ZAPP\FLY\FIFZ\node_modules\os-browserify\package.json
474 verbose installManyTop reading scoped package data from E:\GIT\ZAPP\FLY\FIFZ\node_modules\os-homedir\package.json
475 verbose installManyTop reading scoped package data from E:\GIT\ZAPP\FLY\FIFZ\node_modules\os-locale\package.json
476 verbose installManyTop reading scoped package data from E:\GIT\ZAPP\FLY\FIFZ\node_modules\os-name\package.json
477 verbose installManyTop reading scoped package data from E:\GIT\ZAPP\FLY\FIFZ\node_modules\os-tmpdir\package.json
478 verbose installManyTop reading scoped package data from E:\GIT\ZAPP\FLY\FIFZ\node_modules\osenv\package.json
479 verbose installManyTop reading scoped package data from E:\GIT\ZAPP\FLY\FIFZ\node_modules\osx-release\package.json
480 verbose installManyTop reading scoped package data from E:\GIT\ZAPP\FLY\FIFZ\node_modules\p-finally\package.json
481 verbose installManyTop reading scoped package data from E:\GIT\ZAPP\FLY\FIFZ\node_modules\p-limit\package.json
482 verbose installManyTop reading scoped package data from E:\GIT\ZAPP\FLY\FIFZ\node_modules\p-locate\package.json
483 verbose installManyTop reading scoped package data from E:\GIT\ZAPP\FLY\FIFZ\node_modules\p-try\package.json
484 verbose installManyTop reading scoped package data from E:\GIT\ZAPP\FLY\FIFZ\node_modules\package-json\package.json
485 verbose installManyTop reading scoped package data from E:\GIT\ZAPP\FLY\FIFZ\node_modules\pako\package.json
486 verbose installManyTop reading scoped package data from E:\GIT\ZAPP\FLY\FIFZ\node_modules\parents\package.json
487 verbose installManyTop reading scoped package data from E:\GIT\ZAPP\FLY\FIFZ\node_modules\parse-asn1\package.json
488 verbose installManyTop reading scoped package data from E:\GIT\ZAPP\FLY\FIFZ\node_modules\parse-glob\package.json
489 verbose installManyTop reading scoped package data from E:\GIT\ZAPP\FLY\FIFZ\node_modules\parse-json\package.json
490 verbose installManyTop reading scoped package data from E:\GIT\ZAPP\FLY\FIFZ\node_modules\parseurl\package.json
491 verbose installManyTop reading scoped package data from E:\GIT\ZAPP\FLY\FIFZ\node_modules\pascalcase\package.json
492 verbose installManyTop reading scoped package data from E:\GIT\ZAPP\FLY\FIFZ\node_modules\path-browserify\package.json
493 verbose installManyTop reading scoped package data from E:\GIT\ZAPP\FLY\FIFZ\node_modules\path-dirname\package.json
494 verbose installManyTop reading scoped package data from E:\GIT\ZAPP\FLY\FIFZ\node_modules\path-exists\package.json
495 verbose installManyTop reading scoped package data from E:\GIT\ZAPP\FLY\FIFZ\node_modules\path-is-absolute\package.json
496 verbose installManyTop reading scoped package data from E:\GIT\ZAPP\FLY\FIFZ\node_modules\path-is-inside\package.json
497 verbose installManyTop reading scoped package data from E:\GIT\ZAPP\FLY\FIFZ\node_modules\path-key\package.json
498 verbose installManyTop reading scoped package data from E:\GIT\ZAPP\FLY\FIFZ\node_modules\path-parse\package.json
499 verbose installManyTop reading scoped package data from E:\GIT\ZAPP\FLY\FIFZ\node_modules\path-platform\package.json
500 verbose installManyTop reading scoped package data from E:\GIT\ZAPP\FLY\FIFZ\node_modules\path-to-regexp\package.json
501 verbose installManyTop reading scoped package data from E:\GIT\ZAPP\FLY\FIFZ\node_modules\path-type\package.json
502 verbose installManyTop reading scoped package data from E:\GIT\ZAPP\FLY\FIFZ\node_modules\pbkdf2\package.json
503 verbose installManyTop reading scoped package data from E:\GIT\ZAPP\FLY\FIFZ\node_modules\pegjs\package.json
504 verbose installManyTop reading scoped package data from E:\GIT\ZAPP\FLY\FIFZ\node_modules\performance-now\package.json
505 verbose installManyTop reading scoped package data from E:\GIT\ZAPP\FLY\FIFZ\node_modules\pify\package.json
506 verbose installManyTop reading scoped package data from E:\GIT\ZAPP\FLY\FIFZ\node_modules\pinkie\package.json
507 verbose installManyTop reading scoped package data from E:\GIT\ZAPP\FLY\FIFZ\node_modules\pinkie-promise\package.json
508 verbose installManyTop reading scoped package data from E:\GIT\ZAPP\FLY\FIFZ\node_modules\plist\package.json
509 verbose installManyTop reading scoped package data from E:\GIT\ZAPP\FLY\FIFZ\node_modules\posix-character-classes\package.json
510 verbose installManyTop reading scoped package data from E:\GIT\ZAPP\FLY\FIFZ\node_modules\postcss\package.json
511 verbose installManyTop reading scoped package data from E:\GIT\ZAPP\FLY\FIFZ\node_modules\postcss-value-parser\package.json
512 verbose installManyTop reading scoped package data from E:\GIT\ZAPP\FLY\FIFZ\node_modules\prepend-http\package.json
513 verbose installManyTop reading scoped package data from E:\GIT\ZAPP\FLY\FIFZ\node_modules\preserve\package.json
514 verbose installManyTop reading scoped package data from E:\GIT\ZAPP\FLY\FIFZ\node_modules\process\package.json
515 verbose installManyTop reading scoped package data from E:\GIT\ZAPP\FLY\FIFZ\node_modules\process-nextick-args\package.json
516 verbose installManyTop reading scoped package data from E:\GIT\ZAPP\FLY\FIFZ\node_modules\promzard\package.json
517 verbose installManyTop reading scoped package data from E:\GIT\ZAPP\FLY\FIFZ\node_modules\properties-parser\package.json
518 verbose installManyTop reading scoped package data from E:\GIT\ZAPP\FLY\FIFZ\node_modules\proxy-addr\package.json
519 verbose installManyTop reading scoped package data from E:\GIT\ZAPP\FLY\FIFZ\node_modules\proxy-middleware\package.json
520 verbose installManyTop reading scoped package data from E:\GIT\ZAPP\FLY\FIFZ\node_modules\prr\package.json
521 verbose installManyTop reading scoped package data from E:\GIT\ZAPP\FLY\FIFZ\node_modules\pseudomap\package.json
522 verbose installManyTop reading scoped package data from E:\GIT\ZAPP\FLY\FIFZ\node_modules\psl\package.json
523 verbose installManyTop reading scoped package data from E:\GIT\ZAPP\FLY\FIFZ\node_modules\public-encrypt\package.json
524 verbose installManyTop reading scoped package data from E:\GIT\ZAPP\FLY\FIFZ\node_modules\punycode\package.json
525 verbose installManyTop reading scoped package data from E:\GIT\ZAPP\FLY\FIFZ\node_modules\q\package.json
526 verbose installManyTop reading scoped package data from E:\GIT\ZAPP\FLY\FIFZ\node_modules\qrcode-reader\package.json
527 verbose installManyTop reading scoped package data from E:\GIT\ZAPP\FLY\FIFZ\node_modules\qs\package.json
528 verbose installManyTop reading scoped package data from E:\GIT\ZAPP\FLY\FIFZ\node_modules\querystring\package.json
529 verbose installManyTop reading scoped package data from E:\GIT\ZAPP\FLY\FIFZ\node_modules\querystring-es3\package.json
530 verbose installManyTop reading scoped package data from E:\GIT\ZAPP\FLY\FIFZ\node_modules\randomatic\package.json
531 verbose installManyTop reading scoped package data from E:\GIT\ZAPP\FLY\FIFZ\node_modules\randombytes\package.json
532 verbose installManyTop reading scoped package data from E:\GIT\ZAPP\FLY\FIFZ\node_modules\randomfill\package.json
533 verbose installManyTop reading scoped package data from E:\GIT\ZAPP\FLY\FIFZ\node_modules\range-parser\package.json
534 verbose installManyTop reading scoped package data from E:\GIT\ZAPP\FLY\FIFZ\node_modules\raw-body\package.json
535 verbose installManyTop reading scoped package data from E:\GIT\ZAPP\FLY\FIFZ\node_modules\rc\package.json
536 verbose installManyTop reading scoped package data from E:\GIT\ZAPP\FLY\FIFZ\node_modules\read\package.json
537 verbose installManyTop reading scoped package data from E:\GIT\ZAPP\FLY\FIFZ\node_modules\read-all-stream\package.json
538 verbose installManyTop reading scoped package data from E:\GIT\ZAPP\FLY\FIFZ\node_modules\read-only-stream\package.json
539 verbose installManyTop reading scoped package data from E:\GIT\ZAPP\FLY\FIFZ\node_modules\read-package-json\package.json
540 verbose installManyTop reading scoped package data from E:\GIT\ZAPP\FLY\FIFZ\node_modules\read-pkg\package.json
541 verbose installManyTop reading scoped package data from E:\GIT\ZAPP\FLY\FIFZ\node_modules\read-pkg-up\package.json
542 verbose installManyTop reading scoped package data from E:\GIT\ZAPP\FLY\FIFZ\node_modules\readable-stream\package.json
543 verbose installManyTop reading scoped package data from E:\GIT\ZAPP\FLY\FIFZ\node_modules\readdirp\package.json
544 verbose installManyTop reading scoped package data from E:\GIT\ZAPP\FLY\FIFZ\node_modules\readline2\package.json
545 verbose installManyTop reading scoped package data from E:\GIT\ZAPP\FLY\FIFZ\node_modules\rechoir\package.json
546 verbose installManyTop reading scoped package data from E:\GIT\ZAPP\FLY\FIFZ\node_modules\redent\package.json
547 verbose installManyTop reading scoped package data from E:\GIT\ZAPP\FLY\FIFZ\node_modules\reflect-metadata\package.json
548 verbose installManyTop reading scoped package data from E:\GIT\ZAPP\FLY\FIFZ\node_modules\regex-cache\package.json
549 verbose installManyTop reading scoped package data from E:\GIT\ZAPP\FLY\FIFZ\node_modules\regex-not\package.json
550 verbose installManyTop reading scoped package data from E:\GIT\ZAPP\FLY\FIFZ\node_modules\registry-url\package.json
551 verbose installManyTop reading scoped package data from E:\GIT\ZAPP\FLY\FIFZ\node_modules\remove-node-modules\package.json
552 verbose installManyTop reading scoped package data from E:\GIT\ZAPP\FLY\FIFZ\node_modules\remove-trailing-separator\package.json
553 verbose installManyTop reading scoped package data from E:\GIT\ZAPP\FLY\FIFZ\node_modules\repeat-element\package.json
554 verbose installManyTop reading scoped package data from E:\GIT\ZAPP\FLY\FIFZ\node_modules\repeat-string\package.json
555 verbose installManyTop reading scoped package data from E:\GIT\ZAPP\FLY\FIFZ\node_modules\repeating\package.json
556 verbose installManyTop reading scoped package data from E:\GIT\ZAPP\FLY\FIFZ\node_modules\request\package.json
557 verbose installManyTop reading scoped package data from E:\GIT\ZAPP\FLY\FIFZ\node_modules\require-directory\package.json
558 verbose installManyTop reading scoped package data from E:\GIT\ZAPP\FLY\FIFZ\node_modules\require-main-filename\package.json
559 verbose installManyTop reading scoped package data from E:\GIT\ZAPP\FLY\FIFZ\node_modules\resolve\package.json
560 verbose installManyTop reading scoped package data from E:\GIT\ZAPP\FLY\FIFZ\node_modules\resolve-url\package.json
561 verbose installManyTop reading scoped package data from E:\GIT\ZAPP\FLY\FIFZ\node_modules\restore-cursor\package.json
562 verbose installManyTop reading scoped package data from E:\GIT\ZAPP\FLY\FIFZ\node_modules\resumer\package.json
563 verbose installManyTop reading scoped package data from E:\GIT\ZAPP\FLY\FIFZ\node_modules\ret\package.json
564 verbose installManyTop reading scoped package data from E:\GIT\ZAPP\FLY\FIFZ\node_modules\right-align\package.json
565 verbose installManyTop reading scoped package data from E:\GIT\ZAPP\FLY\FIFZ\node_modules\rimraf\package.json
566 verbose installManyTop reading scoped package data from E:\GIT\ZAPP\FLY\FIFZ\node_modules\ripemd160\package.json
567 verbose installManyTop reading scoped package data from E:\GIT\ZAPP\FLY\FIFZ\node_modules\rollup\package.json
568 verbose installManyTop reading scoped package data from E:\GIT\ZAPP\FLY\FIFZ\node_modules\rollup-plugin-commonjs\package.json
569 verbose installManyTop reading scoped package data from E:\GIT\ZAPP\FLY\FIFZ\node_modules\rollup-plugin-node-resolve\package.json
570 verbose installManyTop reading scoped package data from E:\GIT\ZAPP\FLY\FIFZ\node_modules\rollup-pluginutils\package.json
571 verbose installManyTop reading scoped package data from E:\GIT\ZAPP\FLY\FIFZ\node_modules\run-async\package.json
572 verbose installManyTop reading scoped package data from E:\GIT\ZAPP\FLY\FIFZ\node_modules\rx-lite\package.json
573 verbose installManyTop reading scoped package data from E:\GIT\ZAPP\FLY\FIFZ\node_modules\rxjs\package.json
574 verbose installManyTop reading scoped package data from E:\GIT\ZAPP\FLY\FIFZ\node_modules\safe-buffer\package.json
575 verbose installManyTop reading scoped package data from E:\GIT\ZAPP\FLY\FIFZ\node_modules\safe-json-parse\package.json
576 verbose installManyTop reading scoped package data from E:\GIT\ZAPP\FLY\FIFZ\node_modules\safe-regex\package.json
577 verbose installManyTop reading scoped package data from E:\GIT\ZAPP\FLY\FIFZ\node_modules\safer-buffer\package.json
578 verbose installManyTop reading scoped package data from E:\GIT\ZAPP\FLY\FIFZ\node_modules\sass-graph\package.json
579 verbose installManyTop reading scoped package data from E:\GIT\ZAPP\FLY\FIFZ\node_modules\sax\package.json
580 verbose installManyTop reading scoped package data from E:\GIT\ZAPP\FLY\FIFZ\node_modules\scss-tokenizer\package.json
581 verbose installManyTop reading scoped package data from E:\GIT\ZAPP\FLY\FIFZ\node_modules\sdp\package.json
582 verbose installManyTop reading scoped package data from E:\GIT\ZAPP\FLY\FIFZ\node_modules\semver\package.json
583 verbose installManyTop reading scoped package data from E:\GIT\ZAPP\FLY\FIFZ\node_modules\semver-diff\package.json
584 verbose installManyTop reading scoped package data from E:\GIT\ZAPP\FLY\FIFZ\node_modules\send\package.json
585 verbose installManyTop reading scoped package data from E:\GIT\ZAPP\FLY\FIFZ\node_modules\serve-static\package.json
586 verbose installManyTop reading scoped package data from E:\GIT\ZAPP\FLY\FIFZ\node_modules\serviceworker-cache-polyfill\package.json
587 verbose installManyTop reading scoped package data from E:\GIT\ZAPP\FLY\FIFZ\node_modules\set-blocking\package.json
588 verbose installManyTop reading scoped package data from E:\GIT\ZAPP\FLY\FIFZ\node_modules\set-value\package.json
589 verbose installManyTop reading scoped package data from E:\GIT\ZAPP\FLY\FIFZ\node_modules\setimmediate\package.json
590 verbose installManyTop reading scoped package data from E:\GIT\ZAPP\FLY\FIFZ\node_modules\setprototypeof\package.json
591 verbose installManyTop reading scoped package data from E:\GIT\ZAPP\FLY\FIFZ\node_modules\sha.js\package.json
592 verbose installManyTop reading scoped package data from E:\GIT\ZAPP\FLY\FIFZ\node_modules\shasum\package.json
593 verbose installManyTop reading scoped package data from E:\GIT\ZAPP\FLY\FIFZ\node_modules\shebang-command\package.json
594 verbose installManyTop reading scoped package data from E:\GIT\ZAPP\FLY\FIFZ\node_modules\shebang-regex\package.json
595 verbose installManyTop reading scoped package data from E:\GIT\ZAPP\FLY\FIFZ\node_modules\shell-quote\package.json
596 verbose installManyTop reading scoped package data from E:\GIT\ZAPP\FLY\FIFZ\node_modules\shelljs\package.json
597 verbose installManyTop reading scoped package data from E:\GIT\ZAPP\FLY\FIFZ\node_modules\signal-exit\package.json
598 verbose installManyTop reading scoped package data from E:\GIT\ZAPP\FLY\FIFZ\node_modules\simple-concat\package.json
599 verbose installManyTop reading scoped package data from E:\GIT\ZAPP\FLY\FIFZ\node_modules\simple-plist\package.json
600 verbose installManyTop reading scoped package data from E:\GIT\ZAPP\FLY\FIFZ\node_modules\slash\package.json
601 verbose installManyTop reading scoped package data from E:\GIT\ZAPP\FLY\FIFZ\node_modules\slide\package.json
602 verbose installManyTop reading scoped package data from E:\GIT\ZAPP\FLY\FIFZ\node_modules\snapdragon\package.json
603 verbose installManyTop reading scoped package data from E:\GIT\ZAPP\FLY\FIFZ\node_modules\snapdragon-node\package.json
604 verbose installManyTop reading scoped package data from E:\GIT\ZAPP\FLY\FIFZ\node_modules\snapdragon-util\package.json
605 verbose installManyTop reading scoped package data from E:\GIT\ZAPP\FLY\FIFZ\node_modules\sntp\package.json
606 verbose installManyTop reading scoped package data from E:\GIT\ZAPP\FLY\FIFZ\node_modules\source-list-map\package.json
607 verbose installManyTop reading scoped package data from E:\GIT\ZAPP\FLY\FIFZ\node_modules\source-map\package.json
608 verbose installManyTop reading scoped package data from E:\GIT\ZAPP\FLY\FIFZ\node_modules\source-map-resolve\package.json
609 verbose installManyTop reading scoped package data from E:\GIT\ZAPP\FLY\FIFZ\node_modules\source-map-support\package.json
610 verbose installManyTop reading scoped package data from E:\GIT\ZAPP\FLY\FIFZ\node_modules\source-map-url\package.json
611 verbose installManyTop reading scoped package data from E:\GIT\ZAPP\FLY\FIFZ\node_modules\spdx-correct\package.json
612 verbose installManyTop reading scoped package data from E:\GIT\ZAPP\FLY\FIFZ\node_modules\spdx-exceptions\package.json
613 verbose installManyTop reading scoped package data from E:\GIT\ZAPP\FLY\FIFZ\node_modules\spdx-expression-parse\package.json
614 verbose installManyTop reading scoped package data from E:\GIT\ZAPP\FLY\FIFZ\node_modules\spdx-license-ids\package.json
615 verbose installManyTop reading scoped package data from E:\GIT\ZAPP\FLY\FIFZ\node_modules\split-string\package.json
616 verbose installManyTop reading scoped package data from E:\GIT\ZAPP\FLY\FIFZ\node_modules\sprintf-js\package.json
617 verbose installManyTop reading scoped package data from E:\GIT\ZAPP\FLY\FIFZ\node_modules\sshpk\package.json
618 verbose installManyTop reading scoped package data from E:\GIT\ZAPP\FLY\FIFZ\node_modules\static-extend\package.json
619 verbose installManyTop reading scoped package data from E:\GIT\ZAPP\FLY\FIFZ\node_modules\statuses\package.json
620 verbose installManyTop reading scoped package data from E:\GIT\ZAPP\FLY\FIFZ\node_modules\stdout-stream\package.json
621 verbose installManyTop reading scoped package data from E:\GIT\ZAPP\FLY\FIFZ\node_modules\stream-browserify\package.json
622 verbose installManyTop reading scoped package data from E:\GIT\ZAPP\FLY\FIFZ\node_modules\stream-buffers\package.json
623 verbose installManyTop reading scoped package data from E:\GIT\ZAPP\FLY\FIFZ\node_modules\stream-combiner2\package.json
624 verbose installManyTop reading scoped package data from E:\GIT\ZAPP\FLY\FIFZ\node_modules\stream-http\package.json
625 verbose installManyTop reading scoped package data from E:\GIT\ZAPP\FLY\FIFZ\node_modules\stream-shift\package.json
626 verbose installManyTop reading scoped package data from E:\GIT\ZAPP\FLY\FIFZ\node_modules\stream-splicer\package.json
627 verbose installManyTop reading scoped package data from E:\GIT\ZAPP\FLY\FIFZ\node_modules\string-length\package.json
628 verbose installManyTop reading scoped package data from E:\GIT\ZAPP\FLY\FIFZ\node_modules\string-template\package.json
629 verbose installManyTop reading scoped package data from E:\GIT\ZAPP\FLY\FIFZ\node_modules\string-width\package.json
630 verbose installManyTop reading scoped package data from E:\GIT\ZAPP\FLY\FIFZ\node_modules\string.prototype.codepointat\package.json
631 verbose installManyTop reading scoped package data from E:\GIT\ZAPP\FLY\FIFZ\node_modules\string.prototype.trim\package.json
632 verbose installManyTop reading scoped package data from E:\GIT\ZAPP\FLY\FIFZ\node_modules\string_decoder\package.json
633 verbose installManyTop reading scoped package data from E:\GIT\ZAPP\FLY\FIFZ\node_modules\stringstream\package.json
634 verbose installManyTop reading scoped package data from E:\GIT\ZAPP\FLY\FIFZ\node_modules\strip-ansi\package.json
635 verbose installManyTop reading scoped package data from E:\GIT\ZAPP\FLY\FIFZ\node_modules\strip-bom\package.json
636 verbose installManyTop reading scoped package data from E:\GIT\ZAPP\FLY\FIFZ\node_modules\strip-eof\package.json
637 verbose installManyTop reading scoped package data from E:\GIT\ZAPP\FLY\FIFZ\node_modules\strip-indent\package.json
638 verbose installManyTop reading scoped package data from E:\GIT\ZAPP\FLY\FIFZ\node_modules\strip-json-comments\package.json
639 verbose installManyTop reading scoped package data from E:\GIT\ZAPP\FLY\FIFZ\node_modules\subarg\package.json
640 verbose installManyTop reading scoped package data from E:\GIT\ZAPP\FLY\FIFZ\node_modules\supports-color\package.json
641 verbose installManyTop reading scoped package data from E:\GIT\ZAPP\FLY\FIFZ\node_modules\sw-toolbox\package.json
642 verbose installManyTop reading scoped package data from E:\GIT\ZAPP\FLY\FIFZ\node_modules\symbol-observable\package.json
643 verbose installManyTop reading scoped package data from E:\GIT\ZAPP\FLY\FIFZ\node_modules\syntax-error\package.json
644 verbose installManyTop reading scoped package data from E:\GIT\ZAPP\FLY\FIFZ\node_modules\tapable\package.json
645 verbose installManyTop reading scoped package data from E:\GIT\ZAPP\FLY\FIFZ\node_modules\tape\package.json
646 verbose installManyTop reading scoped package data from E:\GIT\ZAPP\FLY\FIFZ\node_modules\tar\package.json
647 verbose installManyTop reading scoped package data from E:\GIT\ZAPP\FLY\FIFZ\node_modules\through\package.json
648 verbose installManyTop reading scoped package data from E:\GIT\ZAPP\FLY\FIFZ\node_modules\through2\package.json
649 verbose installManyTop reading scoped package data from E:\GIT\ZAPP\FLY\FIFZ\node_modules\timed-out\package.json
650 verbose installManyTop reading scoped package data from E:\GIT\ZAPP\FLY\FIFZ\node_modules\timers-browserify\package.json
651 verbose installManyTop reading scoped package data from E:\GIT\ZAPP\FLY\FIFZ\node_modules\tiny-lr\package.json
652 verbose installManyTop reading scoped package data from E:\GIT\ZAPP\FLY\FIFZ\node_modules\to-arraybuffer\package.json
653 verbose installManyTop reading scoped package data from E:\GIT\ZAPP\FLY\FIFZ\node_modules\to-object-path\package.json
654 verbose installManyTop reading scoped package data from E:\GIT\ZAPP\FLY\FIFZ\node_modules\to-regex\package.json
655 verbose installManyTop reading scoped package data from E:\GIT\ZAPP\FLY\FIFZ\node_modules\to-regex-range\package.json
656 verbose installManyTop reading scoped package data from E:\GIT\ZAPP\FLY\FIFZ\node_modules\tough-cookie\package.json
657 verbose installManyTop reading scoped package data from E:\GIT\ZAPP\FLY\FIFZ\node_modules\trim-newlines\package.json
658 verbose installManyTop reading scoped package data from E:\GIT\ZAPP\FLY\FIFZ\node_modules\true-case-path\package.json
659 verbose installManyTop reading scoped package data from E:\GIT\ZAPP\FLY\FIFZ\node_modules\tsickle\package.json
660 verbose installManyTop reading scoped package data from E:\GIT\ZAPP\FLY\FIFZ\node_modules\tslib\package.json
661 verbose installManyTop reading scoped package data from E:\GIT\ZAPP\FLY\FIFZ\node_modules\tslint\package.json
662 verbose installManyTop reading scoped package data from E:\GIT\ZAPP\FLY\FIFZ\node_modules\tslint-eslint-rules\package.json
663 verbose installManyTop reading scoped package data from E:\GIT\ZAPP\FLY\FIFZ\node_modules\tsutils\package.json
664 verbose installManyTop reading scoped package data from E:\GIT\ZAPP\FLY\FIFZ\node_modules\tty-browserify\package.json
665 verbose installManyTop reading scoped package data from E:\GIT\ZAPP\FLY\FIFZ\node_modules\tunnel-agent\package.json
666 verbose installManyTop reading scoped package data from E:\GIT\ZAPP\FLY\FIFZ\node_modules\tweetnacl\package.json
667 verbose installManyTop reading scoped package data from E:\GIT\ZAPP\FLY\FIFZ\node_modules\type-is\package.json
668 verbose installManyTop reading scoped package data from E:\GIT\ZAPP\FLY\FIFZ\node_modules\typedarray\package.json
669 verbose installManyTop reading scoped package data from E:\GIT\ZAPP\FLY\FIFZ\node_modules\typescript\package.json
670 verbose installManyTop reading scoped package data from E:\GIT\ZAPP\FLY\FIFZ\node_modules\uglify-es\package.json
671 verbose installManyTop reading scoped package data from E:\GIT\ZAPP\FLY\FIFZ\node_modules\uglify-to-browserify\package.json
672 verbose installManyTop reading scoped package data from E:\GIT\ZAPP\FLY\FIFZ\node_modules\uglifyjs-webpack-plugin\package.json
673 verbose installManyTop reading scoped package data from E:\GIT\ZAPP\FLY\FIFZ\node_modules\ultron\package.json
674 verbose installManyTop reading scoped package data from E:\GIT\ZAPP\FLY\FIFZ\node_modules\umd\package.json
675 verbose installManyTop reading scoped package data from E:\GIT\ZAPP\FLY\FIFZ\node_modules\undeclared-identifiers\package.json
676 verbose installManyTop reading scoped package data from E:\GIT\ZAPP\FLY\FIFZ\node_modules\underscore\package.json
677 verbose installManyTop reading scoped package data from E:\GIT\ZAPP\FLY\FIFZ\node_modules\union-value\package.json
678 verbose installManyTop reading scoped package data from E:\GIT\ZAPP\FLY\FIFZ\node_modules\universalify\package.json
679 verbose installManyTop reading scoped package data from E:\GIT\ZAPP\FLY\FIFZ\node_modules\unorm\package.json
680 verbose installManyTop reading scoped package data from E:\GIT\ZAPP\FLY\FIFZ\node_modules\unpipe\package.json
681 verbose installManyTop reading scoped package data from E:\GIT\ZAPP\FLY\FIFZ\node_modules\unset-value\package.json
682 verbose installManyTop reading scoped package data from E:\GIT\ZAPP\FLY\FIFZ\node_modules\upath\package.json
683 verbose installManyTop reading scoped package data from E:\GIT\ZAPP\FLY\FIFZ\node_modules\update-notifier\package.json
684 verbose installManyTop reading scoped package data from E:\GIT\ZAPP\FLY\FIFZ\node_modules\urix\package.json
685 verbose installManyTop reading scoped package data from E:\GIT\ZAPP\FLY\FIFZ\node_modules\url\package.json
686 verbose installManyTop reading scoped package data from E:\GIT\ZAPP\FLY\FIFZ\node_modules\use\package.json
687 verbose installManyTop reading scoped package data from E:\GIT\ZAPP\FLY\FIFZ\node_modules\util\package.json
688 verbose installManyTop reading scoped package data from E:\GIT\ZAPP\FLY\FIFZ\node_modules\util-deprecate\package.json
689 verbose installManyTop reading scoped package data from E:\GIT\ZAPP\FLY\FIFZ\node_modules\utils-merge\package.json
690 verbose installManyTop reading scoped package data from E:\GIT\ZAPP\FLY\FIFZ\node_modules\uuid\package.json
691 verbose installManyTop reading scoped package data from E:\GIT\ZAPP\FLY\FIFZ\node_modules\valid-identifier\package.json
692 verbose installManyTop reading scoped package data from E:\GIT\ZAPP\FLY\FIFZ\node_modules\validate-npm-package-license\package.json
693 verbose installManyTop reading scoped package data from E:\GIT\ZAPP\FLY\FIFZ\node_modules\validate-npm-package-name\package.json
694 verbose installManyTop reading scoped package data from E:\GIT\ZAPP\FLY\FIFZ\node_modules\vary\package.json
695 verbose installManyTop reading scoped package data from E:\GIT\ZAPP\FLY\FIFZ\node_modules\verror\package.json
696 verbose installManyTop reading scoped package data from E:\GIT\ZAPP\FLY\FIFZ\node_modules\vlq\package.json
697 verbose installManyTop reading scoped package data from E:\GIT\ZAPP\FLY\FIFZ\node_modules\vm-browserify\package.json
698 verbose installManyTop reading scoped package data from E:\GIT\ZAPP\FLY\FIFZ\node_modules\watchpack\package.json
699 verbose installManyTop reading scoped package data from E:\GIT\ZAPP\FLY\FIFZ\node_modules\webpack\package.json
700 verbose installManyTop reading scoped package data from E:\GIT\ZAPP\FLY\FIFZ\node_modules\webpack-sources\package.json
701 verbose installManyTop reading scoped package data from E:\GIT\ZAPP\FLY\FIFZ\node_modules\webrtc-adapter\package.json
702 verbose installManyTop reading scoped package data from E:\GIT\ZAPP\FLY\FIFZ\node_modules\websocket-driver\package.json
703 verbose installManyTop reading scoped package data from E:\GIT\ZAPP\FLY\FIFZ\node_modules\websocket-extensions\package.json
704 verbose installManyTop reading scoped package data from E:\GIT\ZAPP\FLY\FIFZ\node_modules\which\package.json
705 verbose installManyTop reading scoped package data from E:\GIT\ZAPP\FLY\FIFZ\node_modules\which-module\package.json
706 verbose installManyTop reading scoped package data from E:\GIT\ZAPP\FLY\FIFZ\node_modules\wide-align\package.json
707 verbose installManyTop reading scoped package data from E:\GIT\ZAPP\FLY\FIFZ\node_modules\win-release\package.json
708 verbose installManyTop reading scoped package data from E:\GIT\ZAPP\FLY\FIFZ\node_modules\window-size\package.json
709 verbose installManyTop reading scoped package data from E:\GIT\ZAPP\FLY\FIFZ\node_modules\wordwrap\package.json
710 verbose installManyTop reading scoped package data from E:\GIT\ZAPP\FLY\FIFZ\node_modules\wrap-ansi\package.json
711 verbose installManyTop reading scoped package data from E:\GIT\ZAPP\FLY\FIFZ\node_modules\wrappy\package.json
712 verbose installManyTop reading scoped package data from E:\GIT\ZAPP\FLY\FIFZ\node_modules\write-file-atomic\package.json
713 verbose installManyTop reading scoped package data from E:\GIT\ZAPP\FLY\FIFZ\node_modules\ws\package.json
714 verbose installManyTop reading scoped package data from E:\GIT\ZAPP\FLY\FIFZ\node_modules\xcode\package.json
715 verbose installManyTop reading scoped package data from E:\GIT\ZAPP\FLY\FIFZ\node_modules\xdg-basedir\package.json
716 verbose installManyTop reading scoped package data from E:\GIT\ZAPP\FLY\FIFZ\node_modules\xml2js\package.json
717 verbose installManyTop reading scoped package data from E:\GIT\ZAPP\FLY\FIFZ\node_modules\xmlbuilder\package.json
718 verbose installManyTop reading scoped package data from E:\GIT\ZAPP\FLY\FIFZ\node_modules\xmldom\package.json
719 verbose installManyTop reading scoped package data from E:\GIT\ZAPP\FLY\FIFZ\node_modules\xtend\package.json
720 verbose installManyTop reading scoped package data from E:\GIT\ZAPP\FLY\FIFZ\node_modules\y18n\package.json
721 verbose installManyTop reading scoped package data from E:\GIT\ZAPP\FLY\FIFZ\node_modules\yallist\package.json
722 verbose installManyTop reading scoped package data from E:\GIT\ZAPP\FLY\FIFZ\node_modules\yargs\package.json
723 verbose installManyTop reading scoped package data from E:\GIT\ZAPP\FLY\FIFZ\node_modules\yargs-parser\package.json
724 verbose installManyTop reading scoped package data from E:\GIT\ZAPP\FLY\FIFZ\node_modules\zone.js\package.json
725 verbose installManyTop reading scoped package data from E:\GIT\ZAPP\FLY\FIFZ\node_modules\@ionic\app-scripts\package.json
726 verbose installManyTop reading scoped package data from E:\GIT\ZAPP\FLY\FIFZ\node_modules\@ionic\storage\package.json
727 verbose installManyTop reading scoped package data from E:\GIT\ZAPP\FLY\FIFZ\node_modules\@angular-devkit\build-optimizer\package.json
728 verbose installManyTop reading scoped package data from E:\GIT\ZAPP\FLY\FIFZ\node_modules\@angular\animations\package.json
729 verbose installManyTop reading scoped package data from E:\GIT\ZAPP\FLY\FIFZ\node_modules\@angular\common\package.json
730 verbose installManyTop reading scoped package data from E:\GIT\ZAPP\FLY\FIFZ\node_modules\@angular\compiler\package.json
731 verbose installManyTop reading scoped package data from E:\GIT\ZAPP\FLY\FIFZ\node_modules\@angular\compiler-cli\package.json
732 verbose installManyTop reading scoped package data from E:\GIT\ZAPP\FLY\FIFZ\node_modules\@angular\core\package.json
733 verbose installManyTop reading scoped package data from E:\GIT\ZAPP\FLY\FIFZ\node_modules\@angular\forms\package.json
734 verbose installManyTop reading scoped package data from E:\GIT\ZAPP\FLY\FIFZ\node_modules\@angular\http\package.json
735 verbose installManyTop reading scoped package data from E:\GIT\ZAPP\FLY\FIFZ\node_modules\@angular\platform-browser\package.json
736 verbose installManyTop reading scoped package data from E:\GIT\ZAPP\FLY\FIFZ\node_modules\@angular\platform-browser-dynamic\package.json
737 verbose installManyTop reading scoped package data from E:\GIT\ZAPP\FLY\FIFZ\node_modules\@ionic-native\background-geolocation\package.json
738 verbose installManyTop reading scoped package data from E:\GIT\ZAPP\FLY\FIFZ\node_modules\@ionic-native\camera\package.json
739 verbose installManyTop reading scoped package data from E:\GIT\ZAPP\FLY\FIFZ\node_modules\@ionic-native\core\package.json
740 verbose installManyTop reading scoped package data from E:\GIT\ZAPP\FLY\FIFZ\node_modules\@ionic-native\diagnostic\package.json
741 verbose installManyTop reading scoped package data from E:\GIT\ZAPP\FLY\FIFZ\node_modules\@ionic-native\facebook\package.json
742 verbose installManyTop reading scoped package data from E:\GIT\ZAPP\FLY\FIFZ\node_modules\@ionic-native\file\package.json
743 verbose installManyTop reading scoped package data from E:\GIT\ZAPP\FLY\FIFZ\node_modules\@ionic-native\file-path\package.json
744 verbose installManyTop reading scoped package data from E:\GIT\ZAPP\FLY\FIFZ\node_modules\@ionic-native\file-transfer\package.json
745 verbose installManyTop reading scoped package data from E:\GIT\ZAPP\FLY\FIFZ\node_modules\@ionic-native\geolocation\package.json
746 verbose installManyTop reading scoped package data from E:\GIT\ZAPP\FLY\FIFZ\node_modules\@ionic-native\google-maps\package.json
747 verbose installManyTop reading scoped package data from E:\GIT\ZAPP\FLY\FIFZ\node_modules\@ionic-native\ionic-webview\package.json
748 verbose installManyTop reading scoped package data from E:\GIT\ZAPP\FLY\FIFZ\node_modules\@ionic-native\location-accuracy\package.json
749 verbose installManyTop reading scoped package data from E:\GIT\ZAPP\FLY\FIFZ\node_modules\@ionic-native\open-native-settings\package.json
750 verbose installManyTop reading scoped package data from E:\GIT\ZAPP\FLY\FIFZ\node_modules\@ionic-native\qr-scanner\package.json
751 verbose installManyTop reading scoped package data from E:\GIT\ZAPP\FLY\FIFZ\node_modules\@ionic-native\sim\package.json
752 verbose installManyTop reading scoped package data from E:\GIT\ZAPP\FLY\FIFZ\node_modules\@ionic-native\splash-screen\package.json
753 verbose installManyTop reading scoped package data from E:\GIT\ZAPP\FLY\FIFZ\node_modules\@ionic-native\status-bar\package.json
754 verbose installManyTop reading scoped package data from E:\GIT\ZAPP\FLY\FIFZ\node_modules\@ionic-native\unique-device-id\package.json
755 verbose installManyTop reading scoped package data from E:\GIT\ZAPP\FLY\FIFZ\node_modules\@types\cordova\package.json
756 info package.json copy-descriptor@0.1.1 No README data
757 info package.json estraverse@4.2.0 No README data
758 info package.json get-value@2.0.6 No README data
759 info package.json object-copy@0.1.0 No README data
760 info package.json opener@1.4.2 No README data
761 info package.json path-is-inside@1.0.2 No README data
762 info package.json pegjs@0.10.0 No README data
763 info package.json setimmediate@1.0.5 No README data
764 info package.json static-extend@0.1.2 No README data
765 info package.json array-unique@0.2.1 license should be a valid SPDX license expression
766 info package.json assert@1.4.1 assert is also the name of a node core module.
767 info package.json async-foreach@0.1.3 No license field.
768 info package.json console-browserify@1.1.0 No license field.
769 info package.json continuable-cache@0.3.1 No license field.
770 info package.json cordova-plugin-filepath@1.5.1 license should be a valid SPDX license expression
771 info package.json cordova-plugin-ionic-keyboard@2.1.3 license should be a valid SPDX license expression
772 info package.json cordova-registry-mapper@1.1.15 license should be a valid SPDX license expression
773 info package.json date-now@0.1.4 No license field.
774 info package.json dependency-ls@1.1.1 license should be a valid SPDX license expression
775 info package.json doctrine@0.7.2 No license field.
776 info package.json dep-graph@1.1.0 No license field.
777 info package.json enhanced-resolve@3.4.1 No license field.
778 info package.json error@7.0.2 No license field.
779 info package.json esutils@2.0.2 No license field.
780 info package.json events@1.1.1 events is also the name of a node core module.
781 info package.json glob-base@0.3.0 license should be a valid SPDX license expression
782 info package.json indexof@0.0.1 No repository field.
783 info package.json indexof@0.0.1 No license field.
784 info package.json is-primitive@2.0.0 license should be a valid SPDX license expression
785 info package.json json-schema@0.2.3 No license field.
786 info package.json jsonify@0.0.0 license should be a valid SPDX license expression
787 info package.json localforage-cordovasqlitedriver@1.7.0 No license field.
788 info package.json longest@1.0.1 license should be a valid SPDX license expression
789 info package.json preserve@0.2.0 license should be a valid SPDX license expression
790 info package.json process@0.11.10 process is also the name of a node core module.
791 info package.json punycode@1.4.1 punycode is also the name of a node core module.
792 info package.json querystring-es3@0.2.1 No license field.
793 info package.json querystring@0.2.0 querystring is also the name of a node core module.
794 info package.json querystring@0.2.0 No license field.
795 info package.json rechoir@0.6.2 No license field.
796 info package.json safe-json-parse@1.0.1 No license field.
797 info package.json sntp@1.0.9 No license field.
798 info package.json string_decoder@1.1.1 string_decoder is also the name of a node core module.
799 info package.json string-template@0.2.1 No license field.
800 info package.json timers-browserify@2.0.10 No license field.
801 info package.json unorm@1.5.0 license should be a valid SPDX license expression
802 info package.json url@0.11.0 url is also the name of a node core module.
803 info package.json util@0.10.4 util is also the name of a node core module.
804 info package.json valid-identifier@0.0.1 license should be a valid SPDX license expression
805 info package.json window-size@0.1.0 No license field.
806 info package.json wordwrap@0.0.2 license should be a valid SPDX license expression
807 info package.json xmldom@0.1.27 No license field.
808 info package.json body@5.1.0 No license field.
809 info package.json cordova-android-play-services-gradle-release@2.0.0 No repository field.
810 info package.json rx-lite@3.1.2 No license field.
811 info package.json shelljs@0.5.3 license should be a valid SPDX license expression
812 info package.json buffer@4.9.1 buffer is also the name of a node core module.
813 verbose readDependencies loading dependencies from E:\GIT\ZAPP\FLY\FIFZ\package.json
814 silly cache add args [ 'brwoser', null ]
815 verbose cache add spec brwoser
816 silly cache add parsed spec Result {
816 silly cache add   raw: 'brwoser',
816 silly cache add   scope: null,
816 silly cache add   name: 'brwoser',
816 silly cache add   rawSpec: '',
816 silly cache add   spec: 'latest',
816 silly cache add   type: 'tag' }
817 silly addNamed brwoser@latest
818 verbose addNamed "latest" is being treated as a dist-tag for brwoser
819 info addNameTag [ 'brwoser', 'latest' ]
820 silly mapToRegistry name brwoser
821 silly mapToRegistry using default registry
822 silly mapToRegistry registry https://registry.npmjs.org/
823 silly mapToRegistry data Result {
823 silly mapToRegistry   raw: 'brwoser',
823 silly mapToRegistry   scope: null,
823 silly mapToRegistry   name: 'brwoser',
823 silly mapToRegistry   rawSpec: '',
823 silly mapToRegistry   spec: 'latest',
823 silly mapToRegistry   type: 'tag' }
824 silly mapToRegistry uri https://registry.npmjs.org/brwoser
825 verbose addNameTag registry:https://registry.npmjs.org/brwoser not in flight; fetching
826 verbose request uri https://registry.npmjs.org/brwoser
827 verbose request no auth needed
828 info attempt registry request try #1 at 2:02:40 AM
829 verbose request id a7f4486ac77e0f81
830 http request GET https://registry.npmjs.org/brwoser
831 http 404 https://registry.npmjs.org/brwoser
832 verbose headers { date: 'Fri, 10 May 2019 00:02:42 GMT',
832 verbose headers   'content-type': 'application/json',
832 verbose headers   'content-length': '21',
832 verbose headers   connection: 'keep-alive',
832 verbose headers   'set-cookie':
832 verbose headers    [ '__cfduid=dba4ae45b85e023a10a643c4da2da7a761557446561; expires=Sat, 09-May-20 00:02:41 GMT; path=/; domain=.registry.npmjs.org; HttpOnly' ],
832 verbose headers   'cf-cache-status': 'MISS',
832 verbose headers   'cache-control': 'max-age=300',
832 verbose headers   'cf-ray': '4d47a553bac84165-CAI',
832 verbose headers   'expect-ct':
832 verbose headers    'max-age=604800, report-uri="https://report-uri.cloudflare.com/cdn-cgi/beacon/expect-ct"',
832 verbose headers   vary: 'accept-encoding, accept',
832 verbose headers   server: 'cloudflare' }
833 silly get cb [ 404,
833 silly get   { date: 'Fri, 10 May 2019 00:02:42 GMT',
833 silly get     'content-type': 'application/json',
833 silly get     'content-length': '21',
833 silly get     connection: 'keep-alive',
833 silly get     'set-cookie':
833 silly get      [ '__cfduid=dba4ae45b85e023a10a643c4da2da7a761557446561; expires=Sat, 09-May-20 00:02:41 GMT; path=/; domain=.registry.npmjs.org; HttpOnly' ],
833 silly get     'cf-cache-status': 'MISS',
833 silly get     'cache-control': 'max-age=300',
833 silly get     'cf-ray': '4d47a553bac84165-CAI',
833 silly get     'expect-ct':
833 silly get      'max-age=604800, report-uri="https://report-uri.cloudflare.com/cdn-cgi/beacon/expect-ct"',
833 silly get     vary: 'accept-encoding, accept',
833 silly get     server: 'cloudflare' } ]
834 verbose stack Error: Not found : brwoser
834 verbose stack     at makeError (E:\GIT\ZAPP\FLY\FIFZ\node_modules\npm\node_modules\npm-registry-client\lib\request.js:302:12)
834 verbose stack     at CachingRegistryClient.<anonymous> (E:\GIT\ZAPP\FLY\FIFZ\node_modules\npm\node_modules\npm-registry-client\lib\request.js:290:14)
834 verbose stack     at Request._callback (E:\GIT\ZAPP\FLY\FIFZ\node_modules\npm\node_modules\npm-registry-client\lib\request.js:210:14)
834 verbose stack     at Request.self.callback (E:\GIT\ZAPP\FLY\FIFZ\node_modules\npm\node_modules\request\request.js:187:22)
834 verbose stack     at Request.emit (events.js:182:13)
834 verbose stack     at Request.<anonymous> (E:\GIT\ZAPP\FLY\FIFZ\node_modules\npm\node_modules\request\request.js:1044:10)
834 verbose stack     at Request.emit (events.js:182:13)
834 verbose stack     at IncomingMessage.<anonymous> (E:\GIT\ZAPP\FLY\FIFZ\node_modules\npm\node_modules\request\request.js:965:12)
834 verbose stack     at IncomingMessage.emit (events.js:187:15)
834 verbose stack     at endReadableNT (_stream_readable.js:1094:12)
835 verbose statusCode 404
836 verbose pkgid brwoser
837 verbose cwd E:\GIT\ZAPP\FLY\FIFZ
838 error Windows_NT 10.0.17763
839 error argv "C:\\Program Files\\nodejs\\node.exe" "E:\\GIT\\ZAPP\\FLY\\FIFZ\\node_modules\\npm\\bin\\npm-cli.js" "install" "brwoser" "--production" "--save-exact"
840 error node v11.1.0
841 error npm  v2.15.12
842 error code E404
843 error 404 Not found : brwoser
843 error 404
843 error 404 'brwoser' is not in the npm registry.
843 error 404 You should bug the author to publish it (or use the name yourself!)
843 error 404 It was specified as a dependency of 'Rabbit'
843 error 404
843 error 404 Note that you can also install from a
843 error 404 tarball, folder, http url, or git url.
844 verbose exit [ 1, true ]
